<?xml version="1.0" encoding="UTF-8"?>
<!-- Generated by org.testng.reporters.JUnitXMLReporter -->
<testsuite ignored="30" hostname="-SHIVANIMASADI" failures="3" tests="8" name="Surefire test" time="14.927" errors="0" timestamp="2025-09-01T11:45:09 IST">
  <testcase classname="com.orangehrm.admin.test.AddUserTest" name="@BeforeClass initBrowserAndWebsite" time="-1.756707294623E9">
    <failure type="org.testng.TestNGException" message="
Parameter &amp;apos;browser&amp;apos; is required by BeforeClass on method initBrowserAndWebsite but has not been marked @Optional or defined
">
      <![CDATA[org.testng.TestNGException: 
Parameter 'browser' is required by BeforeClass on method initBrowserAndWebsite but has not been marked @Optional or defined

at java.base/java.util.ArrayList.forEach(ArrayList.java:1596)
... Removed 27 stack frames]]>
    </failure>
  </testcase> <!-- @BeforeClass initBrowserAndWebsite -->
  <testcase classname="com.orangehrm.base.test.BaseTest" name="@AfterClass verifyAfterClass" time="0.0">
    <skipped/>
  </testcase> <!-- @AfterClass verifyAfterClass -->
  <testcase classname="com.orangehrm.admin.test.UserManagementTest" name="@BeforeClass initBrowserAndWebsite" time="-1.756707294765E9">
    <failure type="org.testng.TestNGException" message="
Parameter &amp;apos;browser&amp;apos; is required by BeforeClass on method initBrowserAndWebsite but has not been marked @Optional or defined
">
      <![CDATA[org.testng.TestNGException: 
Parameter 'browser' is required by BeforeClass on method initBrowserAndWebsite but has not been marked @Optional or defined

at java.base/java.util.ArrayList.forEach(ArrayList.java:1596)
... Removed 27 stack frames]]>
    </failure>
  </testcase> <!-- @BeforeClass initBrowserAndWebsite -->
  <testcase classname="com.orangehrm.base.test.BaseTest" name="@AfterClass verifyAfterClass" time="0.0">
    <skipped/>
  </testcase> <!-- @AfterClass verifyAfterClass -->
  <testcase classname="com.orangehrm.base.test.BaseTest" name="@AfterTest verifyAfterTest" time="0.0">
    <skipped/>
  </testcase> <!-- @AfterTest verifyAfterTest -->
  <testcase classname="com.orangehrm.admin.test.AddUserTest" name="VerifyAddUserPage" time="0.0">
    <skipped/>
  </testcase> <!-- VerifyAddUserPage -->
  <testcase classname="com.orangehrm.admin.test.UserManagementTest" name="VerifyAdminMenuItem" time="0.0">
    <skipped/>
  </testcase> <!-- VerifyAdminMenuItem -->
  <testcase classname="com.orangehrm.admin.test.UserManagementTest" name="VerifySearchSystemUsersByAllFieldsBlank" time="0.0">
    <skipped/>
  </testcase> <!-- VerifySearchSystemUsersByAllFieldsBlank -->
  <testcase classname="com.orangehrm.admin.test.UserManagementTest" name="VerifySearchSystemUsersByEnteringInvalidUsernameOnly" time="0.0">
    <skipped/>
  </testcase> <!-- VerifySearchSystemUsersByEnteringInvalidUsernameOnly -->
  <testcase classname="com.orangehrm.admin.test.UserManagementTest" name="VerifySearchSystemUsersByEnteringValidUsernameOnly" time="0.0">
    <skipped/>
  </testcase> <!-- VerifySearchSystemUsersByEnteringValidUsernameOnly -->
  <testcase classname="com.orangehrm.login.test.CrossBrowserLoginTest" name="verifyLoginOnDifferentBrowsers" time="1.67">
    <failure type="org.openqa.selenium.remote.NoSuchDriverException" message="Unable to obtain: Capabilities {browserName: MicrosoftEdge, ms:edgeOptions: {args: [--remote-allow-origins=*], extensions: []}}, error Command failed with code: 65, executed: [C:\Users\DELL\AppData\Local\Temp\selenium-manager1678785170289001274250205983278235\selenium-manager.exe, --browser, MicrosoftEdge, --output, json]
error sending request for url (https://msedgedriver.azureedge.net/LATEST_RELEASE_139_WINDOWS): error trying to connect: dns error: No such host is known. (os error 11001)
Build info: version: &amp;apos;4.11.0&amp;apos;, revision: &amp;apos;040bc5406b&amp;apos;
System info: os.name: &amp;apos;Windows 11&amp;apos;, os.arch: &amp;apos;amd64&amp;apos;, os.version: &amp;apos;10.0&amp;apos;, java.version: &amp;apos;21&amp;apos;
Driver info: driver.version: EdgeDriver">
      <![CDATA[org.openqa.selenium.remote.NoSuchDriverException: Unable to obtain: Capabilities {browserName: MicrosoftEdge, ms:edgeOptions: {args: [--remote-allow-origins=*], extensions: []}}, error Command failed with code: 65, executed: [C:\Users\DELL\AppData\Local\Temp\selenium-manager1678785170289001274250205983278235\selenium-manager.exe, --browser, MicrosoftEdge, --output, json]
error sending request for url (https://msedgedriver.azureedge.net/LATEST_RELEASE_139_WINDOWS): error trying to connect: dns error: No such host is known. (os error 11001)
Build info: version: '4.11.0', revision: '040bc5406b'
System info: os.name: 'Windows 11', os.arch: 'amd64', os.version: '10.0', java.version: '21'
Driver info: driver.version: EdgeDriver
at org.openqa.selenium.remote.service.DriverFinder.getPath(DriverFinder.java:25)
at org.openqa.selenium.remote.service.DriverFinder.getPath(DriverFinder.java:13)
at org.openqa.selenium.edge.EdgeDriver.generateExecutor(EdgeDriver.java:71)
at org.openqa.selenium.edge.EdgeDriver.<init>(EdgeDriver.java:60)
at org.openqa.selenium.edge.EdgeDriver.<init>(EdgeDriver.java:56)
at org.openqa.selenium.edge.EdgeDriver.<init>(EdgeDriver.java:48)
at org.openqa.selenium.edge.EdgeDriver.<init>(EdgeDriver.java:44)
at com.orangehrm.base.test.BaseTest.setup(BaseTest.java:163)
at com.orangehrm.login.test.CrossBrowserLoginTest.verifyLoginOnDifferentBrowsers(CrossBrowserLoginTest.java:15)
at java.base/java.util.concurrent.FutureTask.run(FutureTask.java:317)
at java.base/java.util.concurrent.Executors$RunnableAdapter.call(Executors.java:572)
at java.base/java.util.concurrent.FutureTask.run(FutureTask.java:317)
at java.base/java.util.concurrent.ThreadPoolExecutor.runWorker(ThreadPoolExecutor.java:1144)
at java.base/java.util.concurrent.ThreadPoolExecutor$Worker.run(ThreadPoolExecutor.java:642)
at java.base/java.lang.Thread.run(Thread.java:1583)
Caused by: org.openqa.selenium.WebDriverException: Command failed with code: 65, executed: [C:\Users\DELL\AppData\Local\Temp\selenium-manager1678785170289001274250205983278235\selenium-manager.exe, --browser, MicrosoftEdge, --output, json]
error sending request for url (https://msedgedriver.azureedge.net/LATEST_RELEASE_139_WINDOWS): error trying to connect: dns error: No such host is known. (os error 11001)
Build info: version: '4.11.0', revision: '040bc5406b'
System info: os.name: 'Windows 11', os.arch: 'amd64', os.version: '10.0', java.version: '21'
Driver info: driver.version: EdgeDriver
at org.openqa.selenium.manager.SeleniumManager.runCommand(SeleniumManager.java:151)
at org.openqa.selenium.manager.SeleniumManager.getDriverPath(SeleniumManager.java:273)
at org.openqa.selenium.remote.service.DriverFinder.getPath(DriverFinder.java:22)
... 21 more
... Removed 7 stack frames]]>
    </failure>
  </testcase> <!-- verifyLoginOnDifferentBrowsers -->
  <testcase classname="com.orangehrm.login.test.CrossBrowserLoginTest" name="verifyLoginOnDifferentBrowsers" time="14.532">
    <failure type="org.openqa.selenium.NoSuchWindowException" message="no such window: target window already closed
from unknown error: web view not found
  (Session info: chrome=139.0.7258.155)
Build info: version: &amp;apos;4.11.0&amp;apos;, revision: &amp;apos;040bc5406b&amp;apos;
System info: os.name: &amp;apos;Windows 11&amp;apos;, os.arch: &amp;apos;amd64&amp;apos;, os.version: &amp;apos;10.0&amp;apos;, java.version: &amp;apos;21&amp;apos;
Driver info: org.openqa.selenium.chrome.ChromeDriver
Command: [30e3d859d2886e9056449b4502833eed, clickElement {id=f.BBFE0FBF2F93F8AD88805F0A49791E8A.d.096A2C700F2902BD60C81326AB935C08.e.8}]
Capabilities {acceptInsecureCerts: false, browserName: chrome, browserVersion: 139.0.7258.155, chrome: {chromedriverVersion: 139.0.7258.154 (9e0d6b2b47f..., userDataDir: C:\Users\DELL\AppData\Local...}, fedcm:accounts: true, goog:chromeOptions: {debuggerAddress: localhost:58927}, networkConnectionEnabled: false, pageLoadStrategy: normal, platformName: windows, proxy: Proxy(), se:cdp: ws://localhost:58927/devtoo..., se:cdpVersion: 139.0.7258.155, setWindowRect: true, strictFileInteractability: false, timeouts: {implicit: 0, pageLoad: 300000, script: 30000}, unhandledPromptBehavior: dismiss and notify, webauthn:extension:credBlob: true, webauthn:extension:largeBlob: true, webauthn:extension:minPinLength: true, webauthn:extension:prf: true, webauthn:virtualAuthenticators: true}
Element: [[ChromeDriver: chrome on windows (30e3d859d2886e9056449b4502833eed)] -&amp;gt; xpath: //button[text()=&amp;apos; Login &amp;apos;]]
Session ID: 30e3d859d2886e9056449b4502833eed">
      <![CDATA[org.openqa.selenium.NoSuchWindowException: no such window: target window already closed
from unknown error: web view not found
  (Session info: chrome=139.0.7258.155)
Build info: version: '4.11.0', revision: '040bc5406b'
System info: os.name: 'Windows 11', os.arch: 'amd64', os.version: '10.0', java.version: '21'
Driver info: org.openqa.selenium.chrome.ChromeDriver
Command: [30e3d859d2886e9056449b4502833eed, clickElement {id=f.BBFE0FBF2F93F8AD88805F0A49791E8A.d.096A2C700F2902BD60C81326AB935C08.e.8}]
Capabilities {acceptInsecureCerts: false, browserName: chrome, browserVersion: 139.0.7258.155, chrome: {chromedriverVersion: 139.0.7258.154 (9e0d6b2b47f..., userDataDir: C:\Users\DELL\AppData\Local...}, fedcm:accounts: true, goog:chromeOptions: {debuggerAddress: localhost:58927}, networkConnectionEnabled: false, pageLoadStrategy: normal, platformName: windows, proxy: Proxy(), se:cdp: ws://localhost:58927/devtoo..., se:cdpVersion: 139.0.7258.155, setWindowRect: true, strictFileInteractability: false, timeouts: {implicit: 0, pageLoad: 300000, script: 30000}, unhandledPromptBehavior: dismiss and notify, webauthn:extension:credBlob: true, webauthn:extension:largeBlob: true, webauthn:extension:minPinLength: true, webauthn:extension:prf: true, webauthn:virtualAuthenticators: true}
Element: [[ChromeDriver: chrome on windows (30e3d859d2886e9056449b4502833eed)] -> xpath: //button[text()=' Login ']]
Session ID: 30e3d859d2886e9056449b4502833eed
at org.openqa.selenium.remote.codec.w3c.W3CHttpResponseCodec.createException(W3CHttpResponseCodec.java:200)
at org.openqa.selenium.remote.codec.w3c.W3CHttpResponseCodec.decode(W3CHttpResponseCodec.java:133)
at org.openqa.selenium.remote.codec.w3c.W3CHttpResponseCodec.decode(W3CHttpResponseCodec.java:52)
at org.openqa.selenium.remote.HttpCommandExecutor.execute(HttpCommandExecutor.java:191)
at org.openqa.selenium.remote.service.DriverCommandExecutor.invokeExecute(DriverCommandExecutor.java:196)
at org.openqa.selenium.remote.service.DriverCommandExecutor.execute(DriverCommandExecutor.java:171)
at org.openqa.selenium.remote.RemoteWebDriver.execute(RemoteWebDriver.java:518)
at org.openqa.selenium.remote.RemoteWebElement.execute(RemoteWebElement.java:224)
at org.openqa.selenium.remote.RemoteWebElement.click(RemoteWebElement.java:77)
at org.openqa.selenium.support.pagefactory.internal.LocatingElementHandler.invoke(LocatingElementHandler.java:51)
at jdk.proxy2/jdk.proxy2.$Proxy37.click(Unknown Source)
at com.orangehrm.login.page.LoginPage.clickOnLoginButton(LoginPage.java:67)
at com.orangehrm.login.test.CrossBrowserLoginTest.verifyLoginOnDifferentBrowsers(CrossBrowserLoginTest.java:22)
at java.base/java.util.concurrent.FutureTask.run(FutureTask.java:317)
at java.base/java.util.concurrent.Executors$RunnableAdapter.call(Executors.java:572)
at java.base/java.util.concurrent.FutureTask.run(FutureTask.java:317)
at java.base/java.util.concurrent.ThreadPoolExecutor.runWorker(ThreadPoolExecutor.java:1144)
at java.base/java.util.concurrent.ThreadPoolExecutor$Worker.run(ThreadPoolExecutor.java:642)
at java.base/java.lang.Thread.run(Thread.java:1583)
... Removed 12 stack frames]]>
    </failure>
  </testcase> <!-- verifyLoginOnDifferentBrowsers -->
  <testcase classname="com.orangehrm.login.test.CrossBrowserLoginTest" name="verifyLoginOnDifferentBrowsers" time="14.583">
    <failure type="org.testng.TestNGException" message="java.util.concurrent.ExecutionException: org.openqa.selenium.NoSuchWindowException: no such window: target window already closed
from unknown error: web view not found
  (Session info: chrome=139.0.7258.155)
Build info: version: &amp;apos;4.11.0&amp;apos;, revision: &amp;apos;040bc5406b&amp;apos;
System info: os.name: &amp;apos;Windows 11&amp;apos;, os.arch: &amp;apos;amd64&amp;apos;, os.version: &amp;apos;10.0&amp;apos;, java.version: &amp;apos;21&amp;apos;
Driver info: org.openqa.selenium.chrome.ChromeDriver
Command: [30e3d859d2886e9056449b4502833eed, screenshot {}]
Capabilities {acceptInsecureCerts: false, browserName: chrome, browserVersion: 139.0.7258.155, chrome: {chromedriverVersion: 139.0.7258.154 (9e0d6b2b47f..., userDataDir: C:\Users\DELL\AppData\Local...}, fedcm:accounts: true, goog:chromeOptions: {debuggerAddress: localhost:58927}, networkConnectionEnabled: false, pageLoadStrategy: normal, platformName: windows, proxy: Proxy(), se:cdp: ws://localhost:58927/devtoo..., se:cdpVersion: 139.0.7258.155, setWindowRect: true, strictFileInteractability: false, timeouts: {implicit: 0, pageLoad: 300000, script: 30000}, unhandledPromptBehavior: dismiss and notify, webauthn:extension:credBlob: true, webauthn:extension:largeBlob: true, webauthn:extension:minPinLength: true, webauthn:extension:prf: true, webauthn:virtualAuthenticators: true}
Session ID: 30e3d859d2886e9056449b4502833eed">
      <![CDATA[org.testng.TestNGException: java.util.concurrent.ExecutionException: org.openqa.selenium.NoSuchWindowException: no such window: target window already closed
from unknown error: web view not found
  (Session info: chrome=139.0.7258.155)
Build info: version: '4.11.0', revision: '040bc5406b'
System info: os.name: 'Windows 11', os.arch: 'amd64', os.version: '10.0', java.version: '21'
Driver info: org.openqa.selenium.chrome.ChromeDriver
Command: [30e3d859d2886e9056449b4502833eed, screenshot {}]
Capabilities {acceptInsecureCerts: false, browserName: chrome, browserVersion: 139.0.7258.155, chrome: {chromedriverVersion: 139.0.7258.154 (9e0d6b2b47f..., userDataDir: C:\Users\DELL\AppData\Local...}, fedcm:accounts: true, goog:chromeOptions: {debuggerAddress: localhost:58927}, networkConnectionEnabled: false, pageLoadStrategy: normal, platformName: windows, proxy: Proxy(), se:cdp: ws://localhost:58927/devtoo..., se:cdpVersion: 139.0.7258.155, setWindowRect: true, strictFileInteractability: false, timeouts: {implicit: 0, pageLoad: 300000, script: 30000}, unhandledPromptBehavior: dismiss and notify, webauthn:extension:credBlob: true, webauthn:extension:largeBlob: true, webauthn:extension:minPinLength: true, webauthn:extension:prf: true, webauthn:virtualAuthenticators: true}
Session ID: 30e3d859d2886e9056449b4502833eed
at java.base/java.util.ArrayList.forEach(ArrayList.java:1596)
Caused by: java.util.concurrent.ExecutionException: org.openqa.selenium.NoSuchWindowException: no such window: target window already closed
from unknown error: web view not found
  (Session info: chrome=139.0.7258.155)
Build info: version: '4.11.0', revision: '040bc5406b'
System info: os.name: 'Windows 11', os.arch: 'amd64', os.version: '10.0', java.version: '21'
Driver info: org.openqa.selenium.chrome.ChromeDriver
Command: [30e3d859d2886e9056449b4502833eed, screenshot {}]
Capabilities {acceptInsecureCerts: false, browserName: chrome, browserVersion: 139.0.7258.155, chrome: {chromedriverVersion: 139.0.7258.154 (9e0d6b2b47f..., userDataDir: C:\Users\DELL\AppData\Local...}, fedcm:accounts: true, goog:chromeOptions: {debuggerAddress: localhost:58927}, networkConnectionEnabled: false, pageLoadStrategy: normal, platformName: windows, proxy: Proxy(), se:cdp: ws://localhost:58927/devtoo..., se:cdpVersion: 139.0.7258.155, setWindowRect: true, strictFileInteractability: false, timeouts: {implicit: 0, pageLoad: 300000, script: 30000}, unhandledPromptBehavior: dismiss and notify, webauthn:extension:credBlob: true, webauthn:extension:largeBlob: true, webauthn:extension:minPinLength: true, webauthn:extension:prf: true, webauthn:virtualAuthenticators: true}
Session ID: 30e3d859d2886e9056449b4502833eed
at java.base/java.util.concurrent.FutureTask.report(FutureTask.java:122)
at java.base/java.util.concurrent.FutureTask.get(FutureTask.java:191)
... 26 more
Caused by: org.openqa.selenium.NoSuchWindowException: no such window: target window already closed
from unknown error: web view not found
  (Session info: chrome=139.0.7258.155)
Build info: version: '4.11.0', revision: '040bc5406b'
System info: os.name: 'Windows 11', os.arch: 'amd64', os.version: '10.0', java.version: '21'
Driver info: org.openqa.selenium.chrome.ChromeDriver
Command: [30e3d859d2886e9056449b4502833eed, screenshot {}]
Capabilities {acceptInsecureCerts: false, browserName: chrome, browserVersion: 139.0.7258.155, chrome: {chromedriverVersion: 139.0.7258.154 (9e0d6b2b47f..., userDataDir: C:\Users\DELL\AppData\Local...}, fedcm:accounts: true, goog:chromeOptions: {debuggerAddress: localhost:58927}, networkConnectionEnabled: false, pageLoadStrategy: normal, platformName: windows, proxy: Proxy(), se:cdp: ws://localhost:58927/devtoo..., se:cdpVersion: 139.0.7258.155, setWindowRect: true, strictFileInteractability: false, timeouts: {implicit: 0, pageLoad: 300000, script: 30000}, unhandledPromptBehavior: dismiss and notify, webauthn:extension:credBlob: true, webauthn:extension:largeBlob: true, webauthn:extension:minPinLength: true, webauthn:extension:prf: true, webauthn:virtualAuthenticators: true}
Session ID: 30e3d859d2886e9056449b4502833eed
at org.openqa.selenium.remote.codec.w3c.W3CHttpResponseCodec.createException(W3CHttpResponseCodec.java:200)
at org.openqa.selenium.remote.codec.w3c.W3CHttpResponseCodec.decode(W3CHttpResponseCodec.java:133)
at org.openqa.selenium.remote.codec.w3c.W3CHttpResponseCodec.decode(W3CHttpResponseCodec.java:52)
at org.openqa.selenium.remote.HttpCommandExecutor.execute(HttpCommandExecutor.java:191)
at org.openqa.selenium.remote.service.DriverCommandExecutor.invokeExecute(DriverCommandExecutor.java:196)
at org.openqa.selenium.remote.service.DriverCommandExecutor.execute(DriverCommandExecutor.java:171)
at org.openqa.selenium.remote.RemoteWebDriver.execute(RemoteWebDriver.java:518)
at org.openqa.selenium.remote.RemoteWebDriver.execute(RemoteWebDriver.java:591)
at org.openqa.selenium.remote.RemoteWebDriver.execute(RemoteWebDriver.java:595)
at org.openqa.selenium.remote.RemoteWebDriver.getScreenshotAs(RemoteWebDriver.java:321)
at com.orangehrm.util.Listeners.TestListener.captureScreenshot(TestListener.java:48)
at com.orangehrm.util.Listeners.TestListener.onTestFailure(TestListener.java:96)
at java.base/java.util.concurrent.FutureTask.run(FutureTask.java:317)
at java.base/java.util.concurrent.Executors$RunnableAdapter.call(Executors.java:572)
at java.base/java.util.concurrent.FutureTask.run(FutureTask.java:317)
at java.base/java.util.concurrent.ThreadPoolExecutor.runWorker(ThreadPoolExecutor.java:1144)
at java.base/java.util.concurrent.ThreadPoolExecutor$Worker.run(ThreadPoolExecutor.java:642)
at java.base/java.lang.Thread.run(Thread.java:1583)
... Removed 36 stack frames]]>
    </failure>
  </testcase> <!-- verifyLoginOnDifferentBrowsers -->
  <testcase classname="com.orangehrm.base.test.BaseTest" name="@BeforeSuite initTestdata" time="0.0">
    <ignored/>
  </testcase> <!-- @BeforeSuite initTestdata -->
  <testcase classname="com.orangehrm.base.test.BaseTest" name="@BeforeSuite verifyBeforeSuite" time="0.0">
    <ignored/>
  </testcase> <!-- @BeforeSuite verifyBeforeSuite -->
  <testcase classname="com.orangehrm.base.test.BaseTest" name="@AfterSuite afterSuite" time="0.0">
    <ignored/>
  </testcase> <!-- @AfterSuite afterSuite -->
  <testcase classname="com.orangehrm.base.test.BaseTest" name="@AfterTest verifyAfterTest" time="0.0">
    <ignored/>
  </testcase> <!-- @AfterTest verifyAfterTest -->
  <testcase classname="com.orangehrm.base.test.BaseTest" name="@BeforeSuite verifyBeforeSuite" time="0.0">
    <ignored/>
  </testcase> <!-- @BeforeSuite verifyBeforeSuite -->
  <testcase classname="com.orangehrm.base.test.BaseTest" name="@BeforeSuite verifyBeforeSuite" time="0.0">
    <ignored/>
  </testcase> <!-- @BeforeSuite verifyBeforeSuite -->
  <testcase classname="com.orangehrm.base.test.BaseTest" name="@AfterTest verifyAfterTest" time="0.0">
    <ignored/>
  </testcase> <!-- @AfterTest verifyAfterTest -->
  <testcase classname="com.orangehrm.base.test.BaseTest" name="@BeforeSuite verifyBeforeSuite" time="0.0">
    <ignored/>
  </testcase> <!-- @BeforeSuite verifyBeforeSuite -->
  <testcase classname="com.orangehrm.base.test.BaseTest" name="@AfterSuite afterSuite" time="0.0">
    <ignored/>
  </testcase> <!-- @AfterSuite afterSuite -->
  <testcase classname="com.orangehrm.base.test.BaseTest" name="@BeforeSuite initTestdata" time="0.0">
    <ignored/>
  </testcase> <!-- @BeforeSuite initTestdata -->
  <testcase classname="com.orangehrm.base.test.BaseTest" name="@AfterSuite verifyAfterSuite" time="0.0">
    <ignored/>
  </testcase> <!-- @AfterSuite verifyAfterSuite -->
  <testcase classname="com.orangehrm.base.test.BaseTest" name="@BeforeSuite verifyBeforeSuite" time="0.0">
    <ignored/>
  </testcase> <!-- @BeforeSuite verifyBeforeSuite -->
  <testcase classname="com.orangehrm.base.test.BaseTest" name="@AfterTest verifyAfterTest" time="0.0">
    <ignored/>
  </testcase> <!-- @AfterTest verifyAfterTest -->
  <testcase classname="com.orangehrm.base.test.BaseTest" name="@AfterTest verifyAfterTest" time="0.0">
    <ignored/>
  </testcase> <!-- @AfterTest verifyAfterTest -->
  <testcase classname="com.orangehrm.base.test.BaseTest" name="@AfterSuite verifyAfterSuite" time="0.0">
    <ignored/>
  </testcase> <!-- @AfterSuite verifyAfterSuite -->
  <testcase classname="com.orangehrm.base.test.BaseTest" name="@BeforeSuite initTestdata" time="0.0">
    <ignored/>
  </testcase> <!-- @BeforeSuite initTestdata -->
  <testcase classname="com.orangehrm.base.test.BaseTest" name="@AfterSuite verifyAfterSuite" time="0.0">
    <ignored/>
  </testcase> <!-- @AfterSuite verifyAfterSuite -->
  <testcase classname="com.orangehrm.base.test.BaseTest" name="@BeforeTest verifyBeforeTest" time="0.0">
    <ignored/>
  </testcase> <!-- @BeforeTest verifyBeforeTest -->
  <testcase classname="com.orangehrm.base.test.BaseTest" name="@AfterSuite afterSuite" time="0.0">
    <ignored/>
  </testcase> <!-- @AfterSuite afterSuite -->
  <testcase classname="com.orangehrm.base.test.BaseTest" name="@BeforeTest verifyBeforeTest" time="0.0">
    <ignored/>
  </testcase> <!-- @BeforeTest verifyBeforeTest -->
  <testcase classname="com.orangehrm.base.test.BaseTest" name="@BeforeTest verifyBeforeTest" time="0.0">
    <ignored/>
  </testcase> <!-- @BeforeTest verifyBeforeTest -->
  <testcase classname="com.orangehrm.base.test.BaseTest" name="@BeforeTest verifyBeforeTest" time="0.0">
    <ignored/>
  </testcase> <!-- @BeforeTest verifyBeforeTest -->
  <testcase classname="com.orangehrm.base.test.BaseTest" name="@AfterSuite afterSuite" time="0.0">
    <ignored/>
  </testcase> <!-- @AfterSuite afterSuite -->
  <testcase classname="com.orangehrm.base.test.BaseTest" name="@AfterSuite afterSuite" time="0.0">
    <ignored/>
  </testcase> <!-- @AfterSuite afterSuite -->
  <testcase classname="com.orangehrm.base.test.BaseTest" name="@BeforeSuite initTestdata" time="0.0">
    <ignored/>
  </testcase> <!-- @BeforeSuite initTestdata -->
  <testcase classname="com.orangehrm.base.test.BaseTest" name="@AfterSuite verifyAfterSuite" time="0.0">
    <ignored/>
  </testcase> <!-- @AfterSuite verifyAfterSuite -->
  <testcase classname="com.orangehrm.base.test.BaseTest" name="@AfterSuite verifyAfterSuite" time="0.0">
    <ignored/>
  </testcase> <!-- @AfterSuite verifyAfterSuite -->
  <testcase classname="com.orangehrm.base.test.BaseTest" name="@BeforeTest verifyBeforeTest" time="0.0">
    <ignored/>
  </testcase> <!-- @BeforeTest verifyBeforeTest -->
  <testcase classname="com.orangehrm.base.test.BaseTest" name="@BeforeSuite initTestdata" time="0.0">
    <ignored/>
  </testcase> <!-- @BeforeSuite initTestdata -->
  <testcase classname="com.orangehrm.base.test.BaseTest" name="@AfterTest verifyAfterTest" time="0.0">
    <ignored/>
  </testcase> <!-- @AfterTest verifyAfterTest -->
</testsuite> <!-- Surefire test -->
