<?xml version="1.0" encoding="UTF-8"?>
<!-- Generated by org.testng.reporters.JUnitXMLReporter -->
<testsuite ignored="12" hostname="-SHIVANIMASADI" failures="1" tests="16" name="All" time="170.787" errors="0" timestamp="2025-08-05T16:48:40 IST">
  <testcase classname="com.orangehrm.login.test.LoginTest" name="verifyLoginByLeavingAllFieldsBlank" time="0.878"/>
  <testcase classname="com.orangehrm.login.test.LoginTest" name="verifyLoginByEnteringUsernameFieldLeavingPasswordFieldBlank" time="1.825"/>
  <testcase classname="com.orangehrm.login.test.LoginTest" name="verifyLoginByEnteringInvalidUsernameFieldLeavingPasswordFieldBlank" time="1.159"/>
  <testcase classname="com.orangehrm.login.test.LoginTest" name="verifyLoginByEnteringPasswordFieldLeavingUsernameFieldBlank" time="1.248"/>
  <testcase classname="com.orangehrm.login.test.LoginTest" name="verifyLoginByEnteringInvalidPasswordFieldLeavingUsernameFieldBlank" time="1.35"/>
  <testcase classname="com.orangehrm.login.test.LoginTest" name="verifyLoginByEnteringInvalidUsernameValidPasswordFields" time="2.718"/>
  <testcase classname="com.orangehrm.login.test.LoginTest" name="verifyLoginByEnteringValidUsernameInvalidPasswordFields" time="2.967"/>
  <testcase classname="com.orangehrm.login.test.LoginTest" name="verifyLoginByEnteringInvalidUsernameInvalidPasswordFields" time="2.597"/>
  <testcase classname="com.orangehrm.login.test.LoginTest" name="verifyLoginByValidUsernamePasswordFields" time="123.535">
    <failure type="org.openqa.selenium.TimeoutException" message="Expected condition failed: waiting for element to be clickable: Proxy element for: DefaultElementLocator &amp;apos;By.xpath: //div[@class=&amp;apos;oxd-brand-banner&amp;apos;]&amp;apos; (tried for 120 second(s) with 500 milliseconds interval)">
      <![CDATA[org.openqa.selenium.TimeoutException: Expected condition failed: waiting for element to be clickable: Proxy element for: DefaultElementLocator 'By.xpath: //div[@class='oxd-brand-banner']' (tried for 120 second(s) with 500 milliseconds interval)
at org.openqa.selenium.support.ui.WebDriverWait.timeoutException(WebDriverWait.java:84)
at org.openqa.selenium.support.ui.FluentWait.until(FluentWait.java:230)
at com.orangehrm.base.page.BasePage.explicitWait(BasePage.java:71)
at com.orangehrm.login.page.LoginPage.isDisplayedOrangeHRMLogo(LoginPage.java:103)
at com.orangehrm.login.test.LoginTest.verifyLoginByValidUsernamePasswordFields(LoginTest.java:208)
at java.base/java.util.ArrayList.forEach(ArrayList.java:1596)
Caused by: org.openqa.selenium.NoSuchElementException: no such element: Unable to locate element: {"method":"xpath","selector":"//div[@class='oxd-brand-banner']"}
  (Session info: chrome=138.0.7204.184)
For documentation on this error, please visit: https://www.selenium.dev/documentation/webdriver/troubleshooting/errors#no-such-element-exception
Build info: version: '4.11.0', revision: '040bc5406b'
System info: os.name: 'Windows 11', os.arch: 'amd64', os.version: '10.0', java.version: '21'
Driver info: org.openqa.selenium.chrome.ChromeDriver
Command: [16fa27daf594a73fe19a6ccec5cd1bfd, findElement {using=xpath, value=//div[@class='oxd-brand-banner']}]
Capabilities {acceptInsecureCerts: false, browserName: chrome, browserVersion: 138.0.7204.184, chrome: {chromedriverVersion: 138.0.7204.183 (e90faf484dd..., userDataDir: C:\Users\DELL\AppData\Local...}, fedcm:accounts: true, goog:chromeOptions: {debuggerAddress: localhost:61888}, networkConnectionEnabled: false, pageLoadStrategy: normal, platformName: windows, proxy: Proxy(), se:cdp: ws://localhost:61888/devtoo..., se:cdpVersion: 138.0.7204.184, setWindowRect: true, strictFileInteractability: false, timeouts: {implicit: 0, pageLoad: 300000, script: 30000}, unhandledPromptBehavior: dismiss and notify, webauthn:extension:credBlob: true, webauthn:extension:largeBlob: true, webauthn:extension:minPinLength: true, webauthn:extension:prf: true, webauthn:virtualAuthenticators: true}
Session ID: 16fa27daf594a73fe19a6ccec5cd1bfd
at org.openqa.selenium.remote.codec.w3c.W3CHttpResponseCodec.createException(W3CHttpResponseCodec.java:200)
at org.openqa.selenium.remote.codec.w3c.W3CHttpResponseCodec.decode(W3CHttpResponseCodec.java:133)
at org.openqa.selenium.remote.codec.w3c.W3CHttpResponseCodec.decode(W3CHttpResponseCodec.java:52)
at org.openqa.selenium.remote.HttpCommandExecutor.execute(HttpCommandExecutor.java:191)
at org.openqa.selenium.remote.service.DriverCommandExecutor.invokeExecute(DriverCommandExecutor.java:196)
at org.openqa.selenium.remote.service.DriverCommandExecutor.execute(DriverCommandExecutor.java:171)
at org.openqa.selenium.remote.RemoteWebDriver.execute(RemoteWebDriver.java:518)
at org.openqa.selenium.remote.ElementLocation$ElementFinder$2.findElement(ElementLocation.java:165)
at org.openqa.selenium.remote.ElementLocation.findElement(ElementLocation.java:59)
at org.openqa.selenium.remote.RemoteWebDriver.findElement(RemoteWebDriver.java:355)
at org.openqa.selenium.remote.RemoteWebDriver.findElement(RemoteWebDriver.java:349)
at org.openqa.selenium.support.pagefactory.DefaultElementLocator.findElement(DefaultElementLocator.java:68)
at org.openqa.selenium.support.pagefactory.internal.LocatingElementHandler.invoke(LocatingElementHandler.java:38)
at jdk.proxy2/jdk.proxy2.$Proxy32.isDisplayed(Unknown Source)
at org.openqa.selenium.support.ui.ExpectedConditions.elementIfVisible(ExpectedConditions.java:304)
at org.openqa.selenium.support.ui.ExpectedConditions.access$000(ExpectedConditions.java:37)
at org.openqa.selenium.support.ui.ExpectedConditions$10.apply(ExpectedConditions.java:290)
at org.openqa.selenium.support.ui.ExpectedConditions$10.apply(ExpectedConditions.java:287)
at org.openqa.selenium.support.ui.ExpectedConditions$23.apply(ExpectedConditions.java:656)
at org.openqa.selenium.support.ui.ExpectedConditions$23.apply(ExpectedConditions.java:652)
at org.openqa.selenium.support.ui.FluentWait.until(FluentWait.java:205)
... 29 more
... Removed 28 stack frames]]>
    </failure>
  </testcase> <!-- verifyLoginByValidUsernamePasswordFields -->
  <testcase classname="com.orangehrm.login.test.ForgotYourPasswordTest" name="verifyLoginByEnteringInvalidUsername" time="3.334"/>
  <testcase classname="com.orangehrm.login.test.ForgotYourPasswordTest" name="verifyLoginByEnteringValidUsername" time="2.691"/>
  <testcase classname="com.orangehrm.login.test.ForgotYourPasswordTest" name="verifySwitchingWindows" time="1.656"/>
  <testcase classname="com.orangehrm.admin.test.UserManagementTest" name="VerifyAdminMenuItem" time="2.034"/>
  <testcase classname="com.orangehrm.admin.test.UserManagementTest" name="VerifySearchSystemUsersByAllFieldsBlank" time="0.111"/>
  <testcase classname="com.orangehrm.admin.test.UserManagementTest" name="VerifySearchSystemUsersByEnteringInvalidUsernameOnly" time="1.33"/>
  <testcase classname="com.orangehrm.admin.test.UserManagementTest" name="VerifySearchSystemUsersByEnteringValidUsernameOnly" time="1.535"/>
  <testcase classname="com.orangehrm.base.test.BaseTest" name="@BeforeTest verifyBeforeTest" time="0.0">
    <ignored/>
  </testcase> <!-- @BeforeTest verifyBeforeTest -->
  <testcase classname="com.orangehrm.base.test.BaseTest" name="@BeforeTest verifyBeforeTest" time="0.0">
    <ignored/>
  </testcase> <!-- @BeforeTest verifyBeforeTest -->
  <testcase classname="com.orangehrm.base.test.BaseTest" name="@AfterTest verifyAfterTest" time="0.0">
    <ignored/>
  </testcase> <!-- @AfterTest verifyAfterTest -->
  <testcase classname="com.orangehrm.base.test.BaseTest" name="@AfterSuite verifyAfterSuite" time="0.0">
    <ignored/>
  </testcase> <!-- @AfterSuite verifyAfterSuite -->
  <testcase classname="com.orangehrm.base.test.BaseTest" name="@BeforeSuite initTestdata" time="0.0">
    <ignored/>
  </testcase> <!-- @BeforeSuite initTestdata -->
  <testcase classname="com.orangehrm.base.test.BaseTest" name="@AfterSuite afterSuite" time="0.0">
    <ignored/>
  </testcase> <!-- @AfterSuite afterSuite -->
  <testcase classname="com.orangehrm.base.test.BaseTest" name="@BeforeSuite initTestdata" time="0.0">
    <ignored/>
  </testcase> <!-- @BeforeSuite initTestdata -->
  <testcase classname="com.orangehrm.base.test.BaseTest" name="@AfterSuite afterSuite" time="0.0">
    <ignored/>
  </testcase> <!-- @AfterSuite afterSuite -->
  <testcase classname="com.orangehrm.base.test.BaseTest" name="@AfterSuite verifyAfterSuite" time="0.0">
    <ignored/>
  </testcase> <!-- @AfterSuite verifyAfterSuite -->
  <testcase classname="com.orangehrm.base.test.BaseTest" name="@BeforeSuite verifyBeforeSuite" time="0.0">
    <ignored/>
  </testcase> <!-- @BeforeSuite verifyBeforeSuite -->
  <testcase classname="com.orangehrm.base.test.BaseTest" name="@AfterTest verifyAfterTest" time="0.0">
    <ignored/>
  </testcase> <!-- @AfterTest verifyAfterTest -->
  <testcase classname="com.orangehrm.base.test.BaseTest" name="@BeforeSuite verifyBeforeSuite" time="0.0">
    <ignored/>
  </testcase> <!-- @BeforeSuite verifyBeforeSuite -->
</testsuite> <!-- All -->
