<?xml version="1.0" encoding="UTF-8"?>
<testsuite xmlns:xsi="http://www.w3.org/2001/XMLSchema-instance" xsi:noNamespaceSchemaLocation="https://maven.apache.org/surefire/maven-surefire-plugin/xsd/surefire-test-report-3.0.xsd" version="3.0" name="TestSuite" time="29.402" tests="31" errors="0" skipped="24" failures="6">
  <properties>
[...]
</properties>
  <testcase name="initBrowserAndWebsite" classname="com.orangehrm.admin.test.AddUserTest" time="1.867">
    <failure message="&#10;Parameter &apos;browser&apos; is required by BeforeClass on method initBrowserAndWebsite but has not been marked @Optional or defined&#10;" type="org.testng.TestNGException"><![CDATA[org.testng.TestNGException: 

Parameter 'browser' is required by BeforeClass on method initBrowserAndWebsite but has not been marked @Optional or defined

	at org.testng.internal.Parameters.createParams(Parameters.java:267)
	at org.testng.internal.Parameters.createParametersForMethod(Parameters.java:355)
	at org.testng.internal.Parameters.createParameters(Parameters.java:684)
	at org.testng.internal.Parameters.createConfigurationParameters(Parameters.java:166)
	at org.testng.internal.invokers.ConfigInvoker.invokeConfigurations(ConfigInvoker.java:277)
	at org.testng.internal.invokers.TestMethodWorker.invokeBeforeClassMethods(TestMethodWorker.java:180)
	at org.testng.internal.invokers.TestMethodWorker.run(TestMethodWorker.java:122)
	at java.base/java.util.ArrayList.forEach(ArrayList.java:1596)
	at org.testng.TestRunner.privateRun(TestRunner.java:829)
	at org.testng.TestRunner.run(TestRunner.java:602)
	at org.testng.SuiteRunner.runTest(SuiteRunner.java:437)
	at org.testng.SuiteRunner.runSequentially(SuiteRunner.java:431)
	at org.testng.SuiteRunner.privateRun(SuiteRunner.java:391)
	at org.testng.SuiteRunner.run(SuiteRunner.java:330)
	at org.testng.SuiteRunnerWorker.runSuite(SuiteRunnerWorker.java:52)
	at org.testng.SuiteRunnerWorker.run(SuiteRunnerWorker.java:95)
	at org.testng.TestNG.runSuitesSequentially(TestNG.java:1256)
	at org.testng.TestNG.runSuitesLocally(TestNG.java:1176)
	at org.testng.TestNG.runSuites(TestNG.java:1099)
	at org.testng.TestNG.run(TestNG.java:1067)
	at org.apache.maven.surefire.testng.TestNGExecutor.run(TestNGExecutor.java:155)
	at org.apache.maven.surefire.testng.TestNGDirectoryTestSuite.executeMulti(TestNGDirectoryTestSuite.java:169)
	at org.apache.maven.surefire.testng.TestNGDirectoryTestSuite.execute(TestNGDirectoryTestSuite.java:88)
	at org.apache.maven.surefire.testng.TestNGProvider.invoke(TestNGProvider.java:137)
	at org.apache.maven.surefire.booter.ForkedBooter.runSuitesInProcess(ForkedBooter.java:385)
	at org.apache.maven.surefire.booter.ForkedBooter.execute(ForkedBooter.java:162)
	at org.apache.maven.surefire.booter.ForkedBooter.run(ForkedBooter.java:507)
	at org.apache.maven.surefire.booter.ForkedBooter.main(ForkedBooter.java:495)
]]></failure>
    <system-out><![CDATA[Starting verifyBeforeSuite Method
2026-05-30 13:15:23,415 [main] INFO  com.orangehrm.base.test.BaseTest  - Starting verifyBeforeSuite Method
2026-05-30 13:15:23,652 [main] INFO  com.orangehrm.util.Listeners.TestListener  - In onStart method Surefire test
Starting verifyBeforeTest Method
2026-05-30 13:15:23,659 [main] INFO  com.orangehrm.base.test.BaseTest  - Starting verifyBeforeTest Method
]]></system-out>
    <system-err><![CDATA[SLF4J: No SLF4J providers were found.
SLF4J: Defaulting to no-operation (NOP) logger implementation
SLF4J: See https://www.slf4j.org/codes.html#noProviders for further details.
]]></system-err>
  </testcase>
  <testcase name="VerifyAddUserPage" classname="com.orangehrm.admin.test.AddUserTest" time="0.0">
    <skipped message="&#10;Parameter &apos;browser&apos; is required by BeforeClass on method initBrowserAndWebsite but has not been marked @Optional or defined&#10;"/>
    <system-out><![CDATA[2026-05-30 13:15:23,942 [main] INFO  com.orangehrm.util.Listeners.TestListener  - VerifyAddUserPage test is starting.
]]></system-out>
  </testcase>
  <testcase name="verifyAfterClass" classname="com.orangehrm.admin.test.AddUserTest" time="0.0">
    <skipped/>
    <system-out><![CDATA[2026-05-30 13:15:23,961 [main] INFO  com.orangehrm.util.Listeners.TestListener  - VerifyAddUserPage test is skipped.
]]></system-out>
  </testcase>
  <testcase name="verifyAfterTest" classname="com.orangehrm.admin.test.AddUserTest" time="0.0">
    <skipped/>
  </testcase>
  <testcase name="afterSuite" classname="com.orangehrm.admin.test.AddUserTest" time="0.0">
    <skipped/>
  </testcase>
  <testcase name="verifyAfterSuite" classname="com.orangehrm.admin.test.AddUserTest" time="0.0">
    <skipped/>
  </testcase>
  <testcase name="initBrowserAndWebsite" classname="com.orangehrm.admin.test.UserManagementTest" time="0.041">
    <failure message="&#10;Parameter &apos;browser&apos; is required by BeforeClass on method initBrowserAndWebsite but has not been marked @Optional or defined&#10;" type="org.testng.TestNGException"><![CDATA[org.testng.TestNGException: 

Parameter 'browser' is required by BeforeClass on method initBrowserAndWebsite but has not been marked @Optional or defined

	at org.testng.internal.Parameters.createParams(Parameters.java:267)
	at org.testng.internal.Parameters.createParametersForMethod(Parameters.java:355)
	at org.testng.internal.Parameters.createParameters(Parameters.java:684)
	at org.testng.internal.Parameters.createConfigurationParameters(Parameters.java:166)
	at org.testng.internal.invokers.ConfigInvoker.invokeConfigurations(ConfigInvoker.java:277)
	at org.testng.internal.invokers.TestMethodWorker.invokeBeforeClassMethods(TestMethodWorker.java:180)
	at org.testng.internal.invokers.TestMethodWorker.run(TestMethodWorker.java:122)
	at java.base/java.util.ArrayList.forEach(ArrayList.java:1596)
	at org.testng.TestRunner.privateRun(TestRunner.java:829)
	at org.testng.TestRunner.run(TestRunner.java:602)
	at org.testng.SuiteRunner.runTest(SuiteRunner.java:437)
	at org.testng.SuiteRunner.runSequentially(SuiteRunner.java:431)
	at org.testng.SuiteRunner.privateRun(SuiteRunner.java:391)
	at org.testng.SuiteRunner.run(SuiteRunner.java:330)
	at org.testng.SuiteRunnerWorker.runSuite(SuiteRunnerWorker.java:52)
	at org.testng.SuiteRunnerWorker.run(SuiteRunnerWorker.java:95)
	at org.testng.TestNG.runSuitesSequentially(TestNG.java:1256)
	at org.testng.TestNG.runSuitesLocally(TestNG.java:1176)
	at org.testng.TestNG.runSuites(TestNG.java:1099)
	at org.testng.TestNG.run(TestNG.java:1067)
	at org.apache.maven.surefire.testng.TestNGExecutor.run(TestNGExecutor.java:155)
	at org.apache.maven.surefire.testng.TestNGDirectoryTestSuite.executeMulti(TestNGDirectoryTestSuite.java:169)
	at org.apache.maven.surefire.testng.TestNGDirectoryTestSuite.execute(TestNGDirectoryTestSuite.java:88)
	at org.apache.maven.surefire.testng.TestNGProvider.invoke(TestNGProvider.java:137)
	at org.apache.maven.surefire.booter.ForkedBooter.runSuitesInProcess(ForkedBooter.java:385)
	at org.apache.maven.surefire.booter.ForkedBooter.execute(ForkedBooter.java:162)
	at org.apache.maven.surefire.booter.ForkedBooter.run(ForkedBooter.java:507)
	at org.apache.maven.surefire.booter.ForkedBooter.main(ForkedBooter.java:495)
]]></failure>
  </testcase>
  <testcase name="VerifyAdminMenuItem" classname="com.orangehrm.admin.test.UserManagementTest" time="0.0">
    <skipped message="&#10;Parameter &apos;browser&apos; is required by BeforeClass on method initBrowserAndWebsite but has not been marked @Optional or defined&#10;"/>
    <system-out><![CDATA[2026-05-30 13:15:23,991 [main] INFO  com.orangehrm.util.Listeners.TestListener  - VerifyAdminMenuItem test is starting.
]]></system-out>
  </testcase>
  <testcase name="VerifySearchSystemUsersByAllFieldsBlank" classname="com.orangehrm.admin.test.UserManagementTest" time="0.0">
    <skipped message="&#10;Parameter &apos;browser&apos; is required by BeforeClass on method initBrowserAndWebsite but has not been marked @Optional or defined&#10;"/>
    <system-out><![CDATA[2026-05-30 13:15:24,002 [main] INFO  com.orangehrm.util.Listeners.TestListener  - VerifyAdminMenuItem test is skipped.
2026-05-30 13:15:24,009 [main] INFO  com.orangehrm.util.Listeners.TestListener  - VerifySearchSystemUsersByAllFieldsBlank test is starting.
]]></system-out>
  </testcase>
  <testcase name="VerifySearchSystemUsersByEnteringInvalidUsernameOnly" classname="com.orangehrm.admin.test.UserManagementTest" time="0.0">
    <skipped message="&#10;Parameter &apos;browser&apos; is required by BeforeClass on method initBrowserAndWebsite but has not been marked @Optional or defined&#10;"/>
    <system-out><![CDATA[2026-05-30 13:15:24,021 [main] INFO  com.orangehrm.util.Listeners.TestListener  - VerifySearchSystemUsersByAllFieldsBlank test is skipped.
2026-05-30 13:15:24,023 [main] INFO  com.orangehrm.util.Listeners.TestListener  - VerifySearchSystemUsersByEnteringInvalidUsernameOnly test is starting.
]]></system-out>
  </testcase>
  <testcase name="VerifySearchSystemUsersByEnteringValidUsernameOnly" classname="com.orangehrm.admin.test.UserManagementTest" time="0.0">
    <skipped message="&#10;Parameter &apos;browser&apos; is required by BeforeClass on method initBrowserAndWebsite but has not been marked @Optional or defined&#10;"/>
    <system-out><![CDATA[2026-05-30 13:15:24,034 [main] INFO  com.orangehrm.util.Listeners.TestListener  - VerifySearchSystemUsersByEnteringInvalidUsernameOnly test is skipped.
2026-05-30 13:15:24,035 [main] INFO  com.orangehrm.util.Listeners.TestListener  - VerifySearchSystemUsersByEnteringValidUsernameOnly test is starting.
]]></system-out>
  </testcase>
  <testcase name="verifyAfterClass" classname="com.orangehrm.admin.test.UserManagementTest" time="0.0">
    <skipped/>
    <system-out><![CDATA[2026-05-30 13:15:24,044 [main] INFO  com.orangehrm.util.Listeners.TestListener  - VerifySearchSystemUsersByEnteringValidUsernameOnly test is skipped.
]]></system-out>
  </testcase>
  <testcase name="verifyLoginOnDifferentBrowsers[edge](1)" classname="com.orangehrm.login.test.CrossBrowserLoginTest" time="3.489">
    <failure message="Unable to obtain: Capabilities {browserName: MicrosoftEdge, ms:edgeOptions: {args: [--remote-allow-origins=*], extensions: []}}, error Command failed with code: 65, executed: [C:\Users\DELL\AppData\Local\Temp\selenium-manager1733275986640006103975072174318377\selenium-manager.exe, --browser, MicrosoftEdge, --output, json]&#10;error sending request for url (https://msedgedriver.azureedge.net/LATEST_RELEASE_148_WINDOWS): error trying to connect: dns error: No such host is known. (os error 11001)&#10;Build info: version: &apos;4.11.0&apos;, revision: &apos;040bc5406b&apos;&#10;System info: os.name: &apos;Windows 11&apos;, os.arch: &apos;amd64&apos;, os.version: &apos;10.0&apos;, java.version: &apos;21&apos;&#10;Driver info: driver.version: EdgeDriver" type="org.openqa.selenium.remote.NoSuchDriverException"><![CDATA[org.openqa.selenium.remote.NoSuchDriverException: 
Unable to obtain: Capabilities {browserName: MicrosoftEdge, ms:edgeOptions: {args: [--remote-allow-origins=*], extensions: []}}, error Command failed with code: 65, executed: [C:\Users\DELL\AppData\Local\Temp\selenium-manager1733275986640006103975072174318377\selenium-manager.exe, --browser, MicrosoftEdge, --output, json]
error sending request for url (https://msedgedriver.azureedge.net/LATEST_RELEASE_148_WINDOWS): error trying to connect: dns error: No such host is known. (os error 11001)
Build info: version: '4.11.0', revision: '040bc5406b'
System info: os.name: 'Windows 11', os.arch: 'amd64', os.version: '10.0', java.version: '21'
Driver info: driver.version: EdgeDriver
	at org.openqa.selenium.remote.service.DriverFinder.getPath(DriverFinder.java:25)
	at org.openqa.selenium.remote.service.DriverFinder.getPath(DriverFinder.java:13)
	at org.openqa.selenium.edge.EdgeDriver.generateExecutor(EdgeDriver.java:71)
	at org.openqa.selenium.edge.EdgeDriver.<init>(EdgeDriver.java:60)
	at org.openqa.selenium.edge.EdgeDriver.<init>(EdgeDriver.java:56)
	at org.openqa.selenium.edge.EdgeDriver.<init>(EdgeDriver.java:48)
	at org.openqa.selenium.edge.EdgeDriver.<init>(EdgeDriver.java:44)
	at com.orangehrm.base.test.BaseTest.setup(BaseTest.java:163)
	at com.orangehrm.login.test.CrossBrowserLoginTest.verifyLoginOnDifferentBrowsers(CrossBrowserLoginTest.java:15)
	at java.base/jdk.internal.reflect.DirectMethodHandleAccessor.invoke(DirectMethodHandleAccessor.java:103)
	at java.base/java.lang.reflect.Method.invoke(Method.java:580)
	at org.testng.internal.invokers.MethodInvocationHelper.invokeMethod(MethodInvocationHelper.java:139)
	at org.testng.internal.invokers.TestInvoker.invokeMethod(TestInvoker.java:677)
	at org.testng.internal.invokers.TestInvoker.invokeTestMethod(TestInvoker.java:221)
	at org.testng.internal.invokers.TestMethodWithDataProviderMethodWorker.call(TestMethodWithDataProviderMethodWorker.java:80)
	at org.testng.internal.invokers.TestMethodWithDataProviderMethodWorker.call(TestMethodWithDataProviderMethodWorker.java:17)
	at java.base/java.util.concurrent.FutureTask.run(FutureTask.java:317)
	at java.base/java.util.concurrent.Executors$RunnableAdapter.call(Executors.java:572)
	at java.base/java.util.concurrent.FutureTask.run(FutureTask.java:317)
	at java.base/java.util.concurrent.ThreadPoolExecutor.runWorker(ThreadPoolExecutor.java:1144)
	at java.base/java.util.concurrent.ThreadPoolExecutor$Worker.run(ThreadPoolExecutor.java:642)
	at java.base/java.lang.Thread.run(Thread.java:1583)
Caused by: org.openqa.selenium.WebDriverException: Command failed with code: 65, executed: [C:\Users\DELL\AppData\Local\Temp\selenium-manager1733275986640006103975072174318377\selenium-manager.exe, --browser, MicrosoftEdge, --output, json]
error sending request for url (https://msedgedriver.azureedge.net/LATEST_RELEASE_148_WINDOWS): error trying to connect: dns error: No such host is known. (os error 11001)
Build info: version: '4.11.0', revision: '040bc5406b'
System info: os.name: 'Windows 11', os.arch: 'amd64', os.version: '10.0', java.version: '21'
Driver info: driver.version: EdgeDriver
	at org.openqa.selenium.manager.SeleniumManager.runCommand(SeleniumManager.java:151)
	at org.openqa.selenium.manager.SeleniumManager.getDriverPath(SeleniumManager.java:273)
	at org.openqa.selenium.remote.service.DriverFinder.getPath(DriverFinder.java:22)
	... 21 more
]]></failure>
    <system-out><![CDATA[2026-05-30 13:15:24,066 [TestNG-PoolService-0] INFO  com.orangehrm.util.Listeners.TestListener  - verifyLoginOnDifferentBrowsers test is starting.
2026-05-30 13:15:24,066 [TestNG-PoolService-1] INFO  com.orangehrm.util.Listeners.TestListener  - verifyLoginOnDifferentBrowsers test is starting.
]]></system-out>
  </testcase>
  <testcase name="verifyLoginOnDifferentBrowsers[chrome](2)" classname="com.orangehrm.login.test.CrossBrowserLoginTest" time="23.512">
    <system-out><![CDATA[2026-05-30 13:15:27,558 [TestNG-PoolService-1] INFO  com.orangehrm.util.Listeners.TestListener  - verifyLoginOnDifferentBrowsers test is failed.
2026-05-30 13:15:27,559 [TestNG-PoolService-1] INFO  com.orangehrm.util.Listeners.TestListener  - Screenshot captured for test case:verifyLoginOnDifferentBrowsers
**********************browsernamechrome
2026-05-30 13:15:41,707 [TestNG-PoolService-0] INFO  com.orangehrm.login.page.LoginPage  - Starting  LoginPage Constructor  method
2026-05-30 13:15:41,707 [TestNG-PoolService-0] INFO  com.orangehrm.login.page.LoginPage  - Ending  LoginPage  Constructor method
2026-05-30 13:15:46,718 [TestNG-PoolService-0] INFO  com.orangehrm.login.page.LoginPage  - starting setUsername Method
2026-05-30 13:15:47,118 [TestNG-PoolService-0] INFO  com.orangehrm.login.page.LoginPage  - Ending  setUsername method
2026-05-30 13:15:47,118 [TestNG-PoolService-0] INFO  com.orangehrm.login.page.LoginPage  - starting setPassword Method
2026-05-30 13:15:47,397 [TestNG-PoolService-0] INFO  com.orangehrm.login.page.LoginPage  - Ending  setPassword method
2026-05-30 13:15:47,397 [TestNG-PoolService-0] INFO  com.orangehrm.login.page.LoginPage  - starting clickOnLoginButton Method
2026-05-30 13:15:47,573 [TestNG-PoolService-0] INFO  com.orangehrm.login.page.LoginPage  - Ending  clickOnLoginButton method
]]></system-out>
    <system-err><![CDATA[May 30, 2026 1:15:34 PM org.openqa.selenium.devtools.CdpVersionFinder findNearestMatch
WARNING: Unable to find CDP implementation matching 148
May 30, 2026 1:15:34 PM org.openqa.selenium.chromium.ChromiumDriver lambda$new$5
WARNING: Unable to find version of CDP to use for 148.0.7778.181. You may need to include a dependency on a specific version of the CDP using something similar to `org.seleniumhq.selenium:selenium-devtools-v86:4.11.0` where the version ("v86") matches the version of the chromium-based browser you're using and the version number of the artifact is the same as Selenium's.
]]></system-err>
  </testcase>
  <testcase name="verifyLoginOnDifferentBrowsers" classname="com.orangehrm.login.test.CrossBrowserLoginTest" time="23.533">
    <failure message="java.util.concurrent.ExecutionException: java.lang.NullPointerException: Cannot invoke &quot;org.openqa.selenium.TakesScreenshot.getScreenshotAs(org.openqa.selenium.OutputType)&quot; because &quot;driver&quot; is null" type="org.testng.TestNGException"><![CDATA[org.testng.TestNGException: java.util.concurrent.ExecutionException: java.lang.NullPointerException: Cannot invoke "org.openqa.selenium.TakesScreenshot.getScreenshotAs(org.openqa.selenium.OutputType)" because "driver" is null
	at org.testng.internal.PoolService.submitTasksAndWait(PoolService.java:52)
	at org.testng.internal.invokers.MethodRunner.runInParallel(MethodRunner.java:132)
	at org.testng.internal.invokers.TestInvoker$MethodInvocationAgent.invoke(TestInvoker.java:958)
	at org.testng.internal.invokers.TestInvoker.invokeTestMethods(TestInvoker.java:194)
	at org.testng.internal.invokers.TestMethodWorker.invokeTestMethods(TestMethodWorker.java:148)
	at org.testng.internal.invokers.TestMethodWorker.run(TestMethodWorker.java:128)
	at java.base/java.util.ArrayList.forEach(ArrayList.java:1596)
	at org.testng.TestRunner.privateRun(TestRunner.java:829)
	at org.testng.TestRunner.run(TestRunner.java:602)
	at org.testng.SuiteRunner.runTest(SuiteRunner.java:437)
	at org.testng.SuiteRunner.runSequentially(SuiteRunner.java:431)
	at org.testng.SuiteRunner.privateRun(SuiteRunner.java:391)
	at org.testng.SuiteRunner.run(SuiteRunner.java:330)
	at org.testng.SuiteRunnerWorker.runSuite(SuiteRunnerWorker.java:52)
	at org.testng.SuiteRunnerWorker.run(SuiteRunnerWorker.java:95)
	at org.testng.TestNG.runSuitesSequentially(TestNG.java:1256)
	at org.testng.TestNG.runSuitesLocally(TestNG.java:1176)
	at org.testng.TestNG.runSuites(TestNG.java:1099)
	at org.testng.TestNG.run(TestNG.java:1067)
	at org.apache.maven.surefire.testng.TestNGExecutor.run(TestNGExecutor.java:155)
	at org.apache.maven.surefire.testng.TestNGDirectoryTestSuite.executeMulti(TestNGDirectoryTestSuite.java:169)
	at org.apache.maven.surefire.testng.TestNGDirectoryTestSuite.execute(TestNGDirectoryTestSuite.java:88)
	at org.apache.maven.surefire.testng.TestNGProvider.invoke(TestNGProvider.java:137)
	at org.apache.maven.surefire.booter.ForkedBooter.runSuitesInProcess(ForkedBooter.java:385)
	at org.apache.maven.surefire.booter.ForkedBooter.execute(ForkedBooter.java:162)
	at org.apache.maven.surefire.booter.ForkedBooter.run(ForkedBooter.java:507)
	at org.apache.maven.surefire.booter.ForkedBooter.main(ForkedBooter.java:495)
Caused by: java.util.concurrent.ExecutionException: java.lang.NullPointerException: Cannot invoke "org.openqa.selenium.TakesScreenshot.getScreenshotAs(org.openqa.selenium.OutputType)" because "driver" is null
	at java.base/java.util.concurrent.FutureTask.report(FutureTask.java:122)
	at java.base/java.util.concurrent.FutureTask.get(FutureTask.java:191)
	at org.testng.internal.PoolService.submitTasksAndWait(PoolService.java:50)
	... 26 more
Caused by: java.lang.NullPointerException: Cannot invoke "org.openqa.selenium.TakesScreenshot.getScreenshotAs(org.openqa.selenium.OutputType)" because "driver" is null
	at com.orangehrm.util.Listeners.TestListener.captureScreenshot(TestListener.java:48)
	at com.orangehrm.util.Listeners.TestListener.onTestFailure(TestListener.java:96)
	at org.testng.internal.TestListenerHelper.runTestListeners(TestListenerHelper.java:99)
	at org.testng.internal.invokers.TestInvoker.runTestResultListener(TestInvoker.java:277)
	at org.testng.internal.invokers.TestInvoker.invokeMethod(TestInvoker.java:764)
	at org.testng.internal.invokers.TestInvoker.invokeTestMethod(TestInvoker.java:221)
	at org.testng.internal.invokers.TestMethodWithDataProviderMethodWorker.call(TestMethodWithDataProviderMethodWorker.java:80)
	at org.testng.internal.invokers.TestMethodWithDataProviderMethodWorker.call(TestMethodWithDataProviderMethodWorker.java:17)
	at java.base/java.util.concurrent.FutureTask.run(FutureTask.java:317)
	at java.base/java.util.concurrent.Executors$RunnableAdapter.call(Executors.java:572)
	at java.base/java.util.concurrent.FutureTask.run(FutureTask.java:317)
	at java.base/java.util.concurrent.ThreadPoolExecutor.runWorker(ThreadPoolExecutor.java:1144)
	at java.base/java.util.concurrent.ThreadPoolExecutor$Worker.run(ThreadPoolExecutor.java:642)
	at java.base/java.lang.Thread.run(Thread.java:1583)
]]></failure>
    <system-out><![CDATA[2026-05-30 13:15:47,582 [TestNG-PoolService-0] INFO  com.orangehrm.util.Listeners.TestListener  - verifyLoginOnDifferentBrowsers test is succeed.
]]></system-out>
  </testcase>
  <testcase name="initBrowserAndWebsite" classname="com.orangehrm.login.test.ForgotYourPasswordTest" time="24.833">
    <failure message="&#10;Parameter &apos;browser&apos; is required by BeforeClass on method initBrowserAndWebsite but has not been marked @Optional or defined&#10;" type="org.testng.TestNGException"><![CDATA[org.testng.TestNGException: 

Parameter 'browser' is required by BeforeClass on method initBrowserAndWebsite but has not been marked @Optional or defined

	at org.testng.internal.Parameters.createParams(Parameters.java:267)
	at org.testng.internal.Parameters.createParametersForMethod(Parameters.java:355)
	at org.testng.internal.Parameters.createParameters(Parameters.java:684)
	at org.testng.internal.Parameters.createConfigurationParameters(Parameters.java:166)
	at org.testng.internal.invokers.ConfigInvoker.invokeConfigurations(ConfigInvoker.java:277)
	at org.testng.internal.invokers.TestMethodWorker.invokeBeforeClassMethods(TestMethodWorker.java:180)
	at org.testng.internal.invokers.TestMethodWorker.run(TestMethodWorker.java:122)
	at java.base/java.util.ArrayList.forEach(ArrayList.java:1596)
	at org.testng.TestRunner.privateRun(TestRunner.java:829)
	at org.testng.TestRunner.run(TestRunner.java:602)
	at org.testng.SuiteRunner.runTest(SuiteRunner.java:437)
	at org.testng.SuiteRunner.runSequentially(SuiteRunner.java:431)
	at org.testng.SuiteRunner.privateRun(SuiteRunner.java:391)
	at org.testng.SuiteRunner.run(SuiteRunner.java:330)
	at org.testng.SuiteRunnerWorker.runSuite(SuiteRunnerWorker.java:52)
	at org.testng.SuiteRunnerWorker.run(SuiteRunnerWorker.java:95)
	at org.testng.TestNG.runSuitesSequentially(TestNG.java:1256)
	at org.testng.TestNG.runSuitesLocally(TestNG.java:1176)
	at org.testng.TestNG.runSuites(TestNG.java:1099)
	at org.testng.TestNG.run(TestNG.java:1067)
	at org.apache.maven.surefire.testng.TestNGExecutor.run(TestNGExecutor.java:155)
	at org.apache.maven.surefire.testng.TestNGDirectoryTestSuite.executeMulti(TestNGDirectoryTestSuite.java:169)
	at org.apache.maven.surefire.testng.TestNGDirectoryTestSuite.execute(TestNGDirectoryTestSuite.java:88)
	at org.apache.maven.surefire.testng.TestNGProvider.invoke(TestNGProvider.java:137)
	at org.apache.maven.surefire.booter.ForkedBooter.runSuitesInProcess(ForkedBooter.java:385)
	at org.apache.maven.surefire.booter.ForkedBooter.execute(ForkedBooter.java:162)
	at org.apache.maven.surefire.booter.ForkedBooter.run(ForkedBooter.java:507)
	at org.apache.maven.surefire.booter.ForkedBooter.main(ForkedBooter.java:495)
]]></failure>
    <system-out><![CDATA[2026-05-30 13:15:47,599 [main] INFO  com.orangehrm.util.Listeners.TestListener  - verifyLoginOnDifferentBrowsers test is failed.
2026-05-30 13:15:47,601 [main] INFO  com.orangehrm.util.Listeners.TestListener  - Screenshot captured for test case:verifyLoginOnDifferentBrowsers
Screenshot saved: C:\Users\DELL\eclipse-workspace\eclipse-HONO\automation-web-orangehrm\test-output\screenshot-reports\failure_screenshots\verifyLoginOnDifferentBrowsers_30_05_2026_13_15_47.png
Ending verifyAfterClass Method
2026-05-30 13:15:48,887 [main] INFO  com.orangehrm.base.test.BaseTest  - Ending verifyAfterClass Method
]]></system-out>
  </testcase>
  <testcase name="verifyLoginByEnteringInvalidUsername" classname="com.orangehrm.login.test.ForgotYourPasswordTest" time="0.0">
    <skipped message="&#10;Parameter &apos;browser&apos; is required by BeforeClass on method initBrowserAndWebsite but has not been marked @Optional or defined&#10;"/>
    <system-out><![CDATA[2026-05-30 13:15:48,906 [main] INFO  com.orangehrm.util.Listeners.TestListener  - verifyLoginByEnteringInvalidUsername test is starting.
]]></system-out>
  </testcase>
  <testcase name="verifyLoginByEnteringValidUsername" classname="com.orangehrm.login.test.ForgotYourPasswordTest" time="0.0">
    <skipped message="&#10;Parameter &apos;browser&apos; is required by BeforeClass on method initBrowserAndWebsite but has not been marked @Optional or defined&#10;"/>
    <system-out><![CDATA[2026-05-30 13:15:48,923 [main] INFO  com.orangehrm.util.Listeners.TestListener  - verifyLoginByEnteringInvalidUsername test is skipped.
2026-05-30 13:15:48,925 [main] INFO  com.orangehrm.util.Listeners.TestListener  - verifyLoginByEnteringValidUsername test is starting.
]]></system-out>
  </testcase>
  <testcase name="verifySwitchingWindows" classname="com.orangehrm.login.test.ForgotYourPasswordTest" time="0.0">
    <skipped message="&#10;Parameter &apos;browser&apos; is required by BeforeClass on method initBrowserAndWebsite but has not been marked @Optional or defined&#10;"/>
    <system-out><![CDATA[2026-05-30 13:15:48,943 [main] INFO  com.orangehrm.util.Listeners.TestListener  - verifyLoginByEnteringValidUsername test is skipped.
2026-05-30 13:15:48,944 [main] INFO  com.orangehrm.util.Listeners.TestListener  - verifySwitchingWindows test is starting.
]]></system-out>
  </testcase>
  <testcase name="verifyAfterClass" classname="com.orangehrm.login.test.ForgotYourPasswordTest" time="0.0">
    <skipped/>
    <system-out><![CDATA[2026-05-30 13:15:48,956 [main] INFO  com.orangehrm.util.Listeners.TestListener  - verifySwitchingWindows test is skipped.
]]></system-out>
  </testcase>
  <testcase name="initBrowserAndWebsite" classname="com.orangehrm.login.test.LoginTest" time="0.035">
    <failure message="&#10;Parameter &apos;browser&apos; is required by BeforeClass on method initBrowserAndWebsite but has not been marked @Optional or defined&#10;" type="org.testng.TestNGException"><![CDATA[org.testng.TestNGException: 

Parameter 'browser' is required by BeforeClass on method initBrowserAndWebsite but has not been marked @Optional or defined

	at org.testng.internal.Parameters.createParams(Parameters.java:267)
	at org.testng.internal.Parameters.createParametersForMethod(Parameters.java:355)
	at org.testng.internal.Parameters.createParameters(Parameters.java:684)
	at org.testng.internal.Parameters.createConfigurationParameters(Parameters.java:166)
	at org.testng.internal.invokers.ConfigInvoker.invokeConfigurations(ConfigInvoker.java:277)
	at org.testng.internal.invokers.TestMethodWorker.invokeBeforeClassMethods(TestMethodWorker.java:180)
	at org.testng.internal.invokers.TestMethodWorker.run(TestMethodWorker.java:122)
	at java.base/java.util.ArrayList.forEach(ArrayList.java:1596)
	at org.testng.TestRunner.privateRun(TestRunner.java:829)
	at org.testng.TestRunner.run(TestRunner.java:602)
	at org.testng.SuiteRunner.runTest(SuiteRunner.java:437)
	at org.testng.SuiteRunner.runSequentially(SuiteRunner.java:431)
	at org.testng.SuiteRunner.privateRun(SuiteRunner.java:391)
	at org.testng.SuiteRunner.run(SuiteRunner.java:330)
	at org.testng.SuiteRunnerWorker.runSuite(SuiteRunnerWorker.java:52)
	at org.testng.SuiteRunnerWorker.run(SuiteRunnerWorker.java:95)
	at org.testng.TestNG.runSuitesSequentially(TestNG.java:1256)
	at org.testng.TestNG.runSuitesLocally(TestNG.java:1176)
	at org.testng.TestNG.runSuites(TestNG.java:1099)
	at org.testng.TestNG.run(TestNG.java:1067)
	at org.apache.maven.surefire.testng.TestNGExecutor.run(TestNGExecutor.java:155)
	at org.apache.maven.surefire.testng.TestNGDirectoryTestSuite.executeMulti(TestNGDirectoryTestSuite.java:169)
	at org.apache.maven.surefire.testng.TestNGDirectoryTestSuite.execute(TestNGDirectoryTestSuite.java:88)
	at org.apache.maven.surefire.testng.TestNGProvider.invoke(TestNGProvider.java:137)
	at org.apache.maven.surefire.booter.ForkedBooter.runSuitesInProcess(ForkedBooter.java:385)
	at org.apache.maven.surefire.booter.ForkedBooter.execute(ForkedBooter.java:162)
	at org.apache.maven.surefire.booter.ForkedBooter.run(ForkedBooter.java:507)
	at org.apache.maven.surefire.booter.ForkedBooter.main(ForkedBooter.java:495)
]]></failure>
  </testcase>
  <testcase name="verifyLoginByLeavingAllFieldsBlank" classname="com.orangehrm.login.test.LoginTest" time="0.0">
    <skipped message="&#10;Parameter &apos;browser&apos; is required by BeforeClass on method initBrowserAndWebsite but has not been marked @Optional or defined&#10;"/>
    <system-out><![CDATA[2026-05-30 13:15:48,985 [main] INFO  com.orangehrm.util.Listeners.TestListener  - verifyLoginByLeavingAllFieldsBlank test is starting.
]]></system-out>
  </testcase>
  <testcase name="verifyLoginByEnteringUsernameFieldLeavingPasswordFieldBlank" classname="com.orangehrm.login.test.LoginTest" time="0.0">
    <skipped message="&#10;Parameter &apos;browser&apos; is required by BeforeClass on method initBrowserAndWebsite but has not been marked @Optional or defined&#10;"/>
    <system-out><![CDATA[2026-05-30 13:15:49,009 [main] INFO  com.orangehrm.util.Listeners.TestListener  - verifyLoginByLeavingAllFieldsBlank test is skipped.
2026-05-30 13:15:49,012 [main] INFO  com.orangehrm.util.Listeners.TestListener  - verifyLoginByEnteringUsernameFieldLeavingPasswordFieldBlank test is starting.
]]></system-out>
  </testcase>
  <testcase name="verifyLoginByEnteringInvalidUsernameFieldLeavingPasswordFieldBlank" classname="com.orangehrm.login.test.LoginTest" time="0.0">
    <skipped message="&#10;Parameter &apos;browser&apos; is required by BeforeClass on method initBrowserAndWebsite but has not been marked @Optional or defined&#10;"/>
    <system-out><![CDATA[2026-05-30 13:15:49,049 [main] INFO  com.orangehrm.util.Listeners.TestListener  - verifyLoginByEnteringUsernameFieldLeavingPasswordFieldBlank test is skipped.
2026-05-30 13:15:49,060 [main] INFO  com.orangehrm.util.Listeners.TestListener  - verifyLoginByEnteringInvalidUsernameFieldLeavingPasswordFieldBlank test is starting.
]]></system-out>
  </testcase>
  <testcase name="verifyLoginByEnteringPasswordFieldLeavingUsernameFieldBlank" classname="com.orangehrm.login.test.LoginTest" time="0.0">
    <skipped message="&#10;Parameter &apos;browser&apos; is required by BeforeClass on method initBrowserAndWebsite but has not been marked @Optional or defined&#10;"/>
    <system-out><![CDATA[2026-05-30 13:15:49,081 [main] INFO  com.orangehrm.util.Listeners.TestListener  - verifyLoginByEnteringInvalidUsernameFieldLeavingPasswordFieldBlank test is skipped.
2026-05-30 13:15:49,088 [main] INFO  com.orangehrm.util.Listeners.TestListener  - verifyLoginByEnteringPasswordFieldLeavingUsernameFieldBlank test is starting.
]]></system-out>
  </testcase>
  <testcase name="verifyLoginByEnteringInvalidPasswordFieldLeavingUsernameFieldBlank" classname="com.orangehrm.login.test.LoginTest" time="0.0">
    <skipped message="&#10;Parameter &apos;browser&apos; is required by BeforeClass on method initBrowserAndWebsite but has not been marked @Optional or defined&#10;"/>
    <system-out><![CDATA[2026-05-30 13:15:49,114 [main] INFO  com.orangehrm.util.Listeners.TestListener  - verifyLoginByEnteringPasswordFieldLeavingUsernameFieldBlank test is skipped.
2026-05-30 13:15:49,115 [main] INFO  com.orangehrm.util.Listeners.TestListener  - verifyLoginByEnteringInvalidPasswordFieldLeavingUsernameFieldBlank test is starting.
]]></system-out>
  </testcase>
  <testcase name="verifyLoginByEnteringInvalidUsernameValidPasswordFields" classname="com.orangehrm.login.test.LoginTest" time="0.0">
    <skipped message="&#10;Parameter &apos;browser&apos; is required by BeforeClass on method initBrowserAndWebsite but has not been marked @Optional or defined&#10;"/>
    <system-out><![CDATA[2026-05-30 13:15:49,131 [main] INFO  com.orangehrm.util.Listeners.TestListener  - verifyLoginByEnteringInvalidPasswordFieldLeavingUsernameFieldBlank test is skipped.
2026-05-30 13:15:49,139 [main] INFO  com.orangehrm.util.Listeners.TestListener  - verifyLoginByEnteringInvalidUsernameValidPasswordFields test is starting.
]]></system-out>
  </testcase>
  <testcase name="verifyLoginByEnteringValidUsernameInvalidPasswordFields" classname="com.orangehrm.login.test.LoginTest" time="0.0">
    <skipped message="&#10;Parameter &apos;browser&apos; is required by BeforeClass on method initBrowserAndWebsite but has not been marked @Optional or defined&#10;"/>
    <system-out><![CDATA[2026-05-30 13:15:49,155 [main] INFO  com.orangehrm.util.Listeners.TestListener  - verifyLoginByEnteringInvalidUsernameValidPasswordFields test is skipped.
2026-05-30 13:15:49,159 [main] INFO  com.orangehrm.util.Listeners.TestListener  - verifyLoginByEnteringValidUsernameInvalidPasswordFields test is starting.
]]></system-out>
  </testcase>
  <testcase name="verifyLoginByEnteringInvalidUsernameInvalidPasswordFields" classname="com.orangehrm.login.test.LoginTest" time="0.0">
    <skipped message="&#10;Parameter &apos;browser&apos; is required by BeforeClass on method initBrowserAndWebsite but has not been marked @Optional or defined&#10;"/>
    <system-out><![CDATA[2026-05-30 13:15:49,176 [main] INFO  com.orangehrm.util.Listeners.TestListener  - verifyLoginByEnteringValidUsernameInvalidPasswordFields test is skipped.
2026-05-30 13:15:49,178 [main] INFO  com.orangehrm.util.Listeners.TestListener  - verifyLoginByEnteringInvalidUsernameInvalidPasswordFields test is starting.
]]></system-out>
  </testcase>
  <testcase name="verifyLoginByValidUsernamePasswordFields" classname="com.orangehrm.login.test.LoginTest" time="0.0">
    <skipped message="&#10;Parameter &apos;browser&apos; is required by BeforeClass on method initBrowserAndWebsite but has not been marked @Optional or defined&#10;"/>
    <system-out><![CDATA[2026-05-30 13:15:49,198 [main] INFO  com.orangehrm.util.Listeners.TestListener  - verifyLoginByEnteringInvalidUsernameInvalidPasswordFields test is skipped.
2026-05-30 13:15:49,199 [main] INFO  com.orangehrm.util.Listeners.TestListener  - verifyLoginByValidUsernamePasswordFields test is starting.
]]></system-out>
  </testcase>
  <testcase name="verifyAfterClass" classname="com.orangehrm.login.test.LoginTest" time="0.0">
    <skipped/>
    <system-out><![CDATA[2026-05-30 13:15:49,217 [main] INFO  com.orangehrm.util.Listeners.TestListener  - verifyLoginByValidUsernamePasswordFields test is skipped.
]]></system-out>
  </testcase>
</testsuite>