<?xml version="1.0" encoding="UTF-8"?>
<!-- Generated by org.testng.reporters.JUnitXMLReporter -->
<testsuite ignored="30" hostname="-SHIVANIMASADI" failures="2" tests="20" name="Surefire test" time="25.818" errors="0" timestamp="2026-05-30T13:15:49 IST">
  <testcase classname="com.orangehrm.admin.test.AddUserTest" name="@BeforeClass initBrowserAndWebsite" time="-1.780127123695E9">
    <failure type="org.testng.TestNGException" message="
Parameter &amp;apos;browser&amp;apos; is required by BeforeClass on method initBrowserAndWebsite but has not been marked @Optional or defined
">
      <![CDATA[org.testng.TestNGException: 
Parameter 'browser' is required by BeforeClass on method initBrowserAndWebsite but has not been marked @Optional or defined

at java.base/java.util.ArrayList.forEach(ArrayList.java:1596)
... Removed 27 stack frames]]>
    </failure>
  </testcase> <!-- @BeforeClass initBrowserAndWebsite -->
  <testcase classname="com.orangehrm.base.test.BaseTest" name="@AfterClass verifyAfterClass" time="0.0">
    <skipped/>
  </testcase> <!-- @AfterClass verifyAfterClass -->
  <testcase classname="com.orangehrm.admin.test.UserManagementTest" name="@BeforeClass initBrowserAndWebsite" time="-1.780127123977E9">
    <failure type="org.testng.TestNGException" message="
Parameter &amp;apos;browser&amp;apos; is required by BeforeClass on method initBrowserAndWebsite but has not been marked @Optional or defined
">
      <![CDATA[org.testng.TestNGException: 
Parameter 'browser' is required by BeforeClass on method initBrowserAndWebsite but has not been marked @Optional or defined

at java.base/java.util.ArrayList.forEach(ArrayList.java:1596)
... Removed 27 stack frames]]>
    </failure>
  </testcase> <!-- @BeforeClass initBrowserAndWebsite -->
  <testcase classname="com.orangehrm.base.test.BaseTest" name="@AfterClass verifyAfterClass" time="0.0">
    <skipped/>
  </testcase> <!-- @AfterClass verifyAfterClass -->
  <testcase classname="com.orangehrm.login.test.ForgotYourPasswordTest" name="@BeforeClass initBrowserAndWebsite" time="-1.780127148889E9">
    <failure type="org.testng.TestNGException" message="
Parameter &amp;apos;browser&amp;apos; is required by BeforeClass on method initBrowserAndWebsite but has not been marked @Optional or defined
">
      <![CDATA[org.testng.TestNGException: 
Parameter 'browser' is required by BeforeClass on method initBrowserAndWebsite but has not been marked @Optional or defined

at java.base/java.util.ArrayList.forEach(ArrayList.java:1596)
... Removed 27 stack frames]]>
    </failure>
  </testcase> <!-- @BeforeClass initBrowserAndWebsite -->
  <testcase classname="com.orangehrm.base.test.BaseTest" name="@AfterClass verifyAfterClass" time="0.0">
    <skipped/>
  </testcase> <!-- @AfterClass verifyAfterClass -->
  <testcase classname="com.orangehrm.login.test.LoginTest" name="@BeforeClass initBrowserAndWebsite" time="-1.780127148959E9">
    <failure type="org.testng.TestNGException" message="
Parameter &amp;apos;browser&amp;apos; is required by BeforeClass on method initBrowserAndWebsite but has not been marked @Optional or defined
">
      <![CDATA[org.testng.TestNGException: 
Parameter 'browser' is required by BeforeClass on method initBrowserAndWebsite but has not been marked @Optional or defined

at java.base/java.util.ArrayList.forEach(ArrayList.java:1596)
... Removed 27 stack frames]]>
    </failure>
  </testcase> <!-- @BeforeClass initBrowserAndWebsite -->
  <testcase classname="com.orangehrm.base.test.BaseTest" name="@AfterClass verifyAfterClass" time="0.0">
    <skipped/>
  </testcase> <!-- @AfterClass verifyAfterClass -->
  <testcase classname="com.orangehrm.base.test.BaseTest" name="@AfterTest verifyAfterTest" time="0.0">
    <skipped/>
  </testcase> <!-- @AfterTest verifyAfterTest -->
  <testcase classname="com.orangehrm.admin.test.AddUserTest" name="VerifyAddUserPage" time="0.0">
    <skipped/>
  </testcase> <!-- VerifyAddUserPage -->
  <testcase classname="com.orangehrm.admin.test.UserManagementTest" name="VerifyAdminMenuItem" time="0.001">
    <skipped/>
  </testcase> <!-- VerifyAdminMenuItem -->
  <testcase classname="com.orangehrm.admin.test.UserManagementTest" name="VerifySearchSystemUsersByAllFieldsBlank" time="0.0">
    <skipped/>
  </testcase> <!-- VerifySearchSystemUsersByAllFieldsBlank -->
  <testcase classname="com.orangehrm.admin.test.UserManagementTest" name="VerifySearchSystemUsersByEnteringInvalidUsernameOnly" time="0.0">
    <skipped/>
  </testcase> <!-- VerifySearchSystemUsersByEnteringInvalidUsernameOnly -->
  <testcase classname="com.orangehrm.admin.test.UserManagementTest" name="VerifySearchSystemUsersByEnteringValidUsernameOnly" time="0.0">
    <skipped/>
  </testcase> <!-- VerifySearchSystemUsersByEnteringValidUsernameOnly -->
  <testcase classname="com.orangehrm.login.test.CrossBrowserLoginTest" name="verifyLoginOnDifferentBrowsers" time="3.481">
    <failure type="org.openqa.selenium.remote.NoSuchDriverException" message="Unable to obtain: Capabilities {browserName: MicrosoftEdge, ms:edgeOptions: {args: [--remote-allow-origins=*], extensions: []}}, error Command failed with code: 65, executed: [C:\Users\DELL\AppData\Local\Temp\selenium-manager1733275986640006103975072174318377\selenium-manager.exe, --browser, MicrosoftEdge, --output, json]
error sending request for url (https://msedgedriver.azureedge.net/LATEST_RELEASE_148_WINDOWS): error trying to connect: dns error: No such host is known. (os error 11001)
Build info: version: &amp;apos;4.11.0&amp;apos;, revision: &amp;apos;040bc5406b&amp;apos;
System info: os.name: &amp;apos;Windows 11&amp;apos;, os.arch: &amp;apos;amd64&amp;apos;, os.version: &amp;apos;10.0&amp;apos;, java.version: &amp;apos;21&amp;apos;
Driver info: driver.version: EdgeDriver">
      <![CDATA[org.openqa.selenium.remote.NoSuchDriverException: Unable to obtain: Capabilities {browserName: MicrosoftEdge, ms:edgeOptions: {args: [--remote-allow-origins=*], extensions: []}}, error Command failed with code: 65, executed: [C:\Users\DELL\AppData\Local\Temp\selenium-manager1733275986640006103975072174318377\selenium-manager.exe, --browser, MicrosoftEdge, --output, json]
error sending request for url (https://msedgedriver.azureedge.net/LATEST_RELEASE_148_WINDOWS): error trying to connect: dns error: No such host is known. (os error 11001)
Build info: version: '4.11.0', revision: '040bc5406b'
System info: os.name: 'Windows 11', os.arch: 'amd64', os.version: '10.0', java.version: '21'
Driver info: driver.version: EdgeDriver
at org.openqa.selenium.remote.service.DriverFinder.getPath(DriverFinder.java:25)
at org.openqa.selenium.remote.service.DriverFinder.getPath(DriverFinder.java:13)
at org.openqa.selenium.edge.EdgeDriver.generateExecutor(EdgeDriver.java:71)
at org.openqa.selenium.edge.EdgeDriver.<init>(EdgeDriver.java:60)
at org.openqa.selenium.edge.EdgeDriver.<init>(EdgeDriver.java:56)
at org.openqa.selenium.edge.EdgeDriver.<init>(EdgeDriver.java:48)
at org.openqa.selenium.edge.EdgeDriver.<init>(EdgeDriver.java:44)
at com.orangehrm.base.test.BaseTest.setup(BaseTest.java:163)
at com.orangehrm.login.test.CrossBrowserLoginTest.verifyLoginOnDifferentBrowsers(CrossBrowserLoginTest.java:15)
at java.base/java.util.concurrent.FutureTask.run(FutureTask.java:317)
at java.base/java.util.concurrent.Executors$RunnableAdapter.call(Executors.java:572)
at java.base/java.util.concurrent.FutureTask.run(FutureTask.java:317)
at java.base/java.util.concurrent.ThreadPoolExecutor.runWorker(ThreadPoolExecutor.java:1144)
at java.base/java.util.concurrent.ThreadPoolExecutor$Worker.run(ThreadPoolExecutor.java:642)
at java.base/java.lang.Thread.run(Thread.java:1583)
Caused by: org.openqa.selenium.WebDriverException: Command failed with code: 65, executed: [C:\Users\DELL\AppData\Local\Temp\selenium-manager1733275986640006103975072174318377\selenium-manager.exe, --browser, MicrosoftEdge, --output, json]
error sending request for url (https://msedgedriver.azureedge.net/LATEST_RELEASE_148_WINDOWS): error trying to connect: dns error: No such host is known. (os error 11001)
Build info: version: '4.11.0', revision: '040bc5406b'
System info: os.name: 'Windows 11', os.arch: 'amd64', os.version: '10.0', java.version: '21'
Driver info: driver.version: EdgeDriver
at org.openqa.selenium.manager.SeleniumManager.runCommand(SeleniumManager.java:151)
at org.openqa.selenium.manager.SeleniumManager.getDriverPath(SeleniumManager.java:273)
at org.openqa.selenium.remote.service.DriverFinder.getPath(DriverFinder.java:22)
... 21 more
... Removed 7 stack frames]]>
    </failure>
  </testcase> <!-- verifyLoginOnDifferentBrowsers -->
  <testcase classname="com.orangehrm.login.test.CrossBrowserLoginTest" name="verifyLoginOnDifferentBrowsers" time="23.509"/>
  <testcase classname="com.orangehrm.login.test.CrossBrowserLoginTest" name="verifyLoginOnDifferentBrowsers" time="23.536">
    <failure type="org.testng.TestNGException" message="java.util.concurrent.ExecutionException: java.lang.NullPointerException: Cannot invoke &amp;quot;org.openqa.selenium.TakesScreenshot.getScreenshotAs(org.openqa.selenium.OutputType)&amp;quot; because &amp;quot;driver&amp;quot; is null">
      <![CDATA[org.testng.TestNGException: java.util.concurrent.ExecutionException: java.lang.NullPointerException: Cannot invoke "org.openqa.selenium.TakesScreenshot.getScreenshotAs(org.openqa.selenium.OutputType)" because "driver" is null
at java.base/java.util.ArrayList.forEach(ArrayList.java:1596)
Caused by: java.util.concurrent.ExecutionException: java.lang.NullPointerException: Cannot invoke "org.openqa.selenium.TakesScreenshot.getScreenshotAs(org.openqa.selenium.OutputType)" because "driver" is null
at java.base/java.util.concurrent.FutureTask.report(FutureTask.java:122)
at java.base/java.util.concurrent.FutureTask.get(FutureTask.java:191)
... 26 more
Caused by: java.lang.NullPointerException: Cannot invoke "org.openqa.selenium.TakesScreenshot.getScreenshotAs(org.openqa.selenium.OutputType)" because "driver" is null
at com.orangehrm.util.Listeners.TestListener.captureScreenshot(TestListener.java:48)
at com.orangehrm.util.Listeners.TestListener.onTestFailure(TestListener.java:96)
at java.base/java.util.concurrent.FutureTask.run(FutureTask.java:317)
at java.base/java.util.concurrent.Executors$RunnableAdapter.call(Executors.java:572)
at java.base/java.util.concurrent.FutureTask.run(FutureTask.java:317)
at java.base/java.util.concurrent.ThreadPoolExecutor.runWorker(ThreadPoolExecutor.java:1144)
at java.base/java.util.concurrent.ThreadPoolExecutor$Worker.run(ThreadPoolExecutor.java:642)
at java.base/java.lang.Thread.run(Thread.java:1583)
... Removed 33 stack frames]]>
    </failure>
  </testcase> <!-- verifyLoginOnDifferentBrowsers -->
  <testcase classname="com.orangehrm.login.test.ForgotYourPasswordTest" name="verifyLoginByEnteringInvalidUsername" time="0.0">
    <skipped/>
  </testcase> <!-- verifyLoginByEnteringInvalidUsername -->
  <testcase classname="com.orangehrm.login.test.ForgotYourPasswordTest" name="verifyLoginByEnteringValidUsername" time="0.0">
    <skipped/>
  </testcase> <!-- verifyLoginByEnteringValidUsername -->
  <testcase classname="com.orangehrm.login.test.ForgotYourPasswordTest" name="verifySwitchingWindows" time="0.0">
    <skipped/>
  </testcase> <!-- verifySwitchingWindows -->
  <testcase classname="com.orangehrm.login.test.LoginTest" name="verifyLoginByLeavingAllFieldsBlank" time="0.0">
    <skipped/>
  </testcase> <!-- verifyLoginByLeavingAllFieldsBlank -->
  <testcase classname="com.orangehrm.login.test.LoginTest" name="verifyLoginByEnteringUsernameFieldLeavingPasswordFieldBlank" time="0.0">
    <skipped/>
  </testcase> <!-- verifyLoginByEnteringUsernameFieldLeavingPasswordFieldBlank -->
  <testcase classname="com.orangehrm.login.test.LoginTest" name="verifyLoginByEnteringInvalidUsernameFieldLeavingPasswordFieldBlank" time="0.0">
    <skipped/>
  </testcase> <!-- verifyLoginByEnteringInvalidUsernameFieldLeavingPasswordFieldBlank -->
  <testcase classname="com.orangehrm.login.test.LoginTest" name="verifyLoginByEnteringPasswordFieldLeavingUsernameFieldBlank" time="0.0">
    <skipped/>
  </testcase> <!-- verifyLoginByEnteringPasswordFieldLeavingUsernameFieldBlank -->
  <testcase classname="com.orangehrm.login.test.LoginTest" name="verifyLoginByEnteringInvalidPasswordFieldLeavingUsernameFieldBlank" time="0.0">
    <skipped/>
  </testcase> <!-- verifyLoginByEnteringInvalidPasswordFieldLeavingUsernameFieldBlank -->
  <testcase classname="com.orangehrm.login.test.LoginTest" name="verifyLoginByEnteringInvalidUsernameValidPasswordFields" time="0.0">
    <skipped/>
  </testcase> <!-- verifyLoginByEnteringInvalidUsernameValidPasswordFields -->
  <testcase classname="com.orangehrm.login.test.LoginTest" name="verifyLoginByEnteringValidUsernameInvalidPasswordFields" time="0.0">
    <skipped/>
  </testcase> <!-- verifyLoginByEnteringValidUsernameInvalidPasswordFields -->
  <testcase classname="com.orangehrm.login.test.LoginTest" name="verifyLoginByEnteringInvalidUsernameInvalidPasswordFields" time="0.0">
    <skipped/>
  </testcase> <!-- verifyLoginByEnteringInvalidUsernameInvalidPasswordFields -->
  <testcase classname="com.orangehrm.login.test.LoginTest" name="verifyLoginByValidUsernamePasswordFields" time="0.0">
    <skipped/>
  </testcase> <!-- verifyLoginByValidUsernamePasswordFields -->
  <testcase classname="com.orangehrm.base.test.BaseTest" name="@AfterTest verifyAfterTest" time="0.0">
    <ignored/>
  </testcase> <!-- @AfterTest verifyAfterTest -->
  <testcase classname="com.orangehrm.base.test.BaseTest" name="@AfterSuite afterSuite" time="0.0">
    <ignored/>
  </testcase> <!-- @AfterSuite afterSuite -->
  <testcase classname="com.orangehrm.base.test.BaseTest" name="@AfterSuite afterSuite" time="0.0">
    <ignored/>
  </testcase> <!-- @AfterSuite afterSuite -->
  <testcase classname="com.orangehrm.base.test.BaseTest" name="@BeforeSuite initTestdata" time="0.0">
    <ignored/>
  </testcase> <!-- @BeforeSuite initTestdata -->
  <testcase classname="com.orangehrm.base.test.BaseTest" name="@BeforeSuite verifyBeforeSuite" time="0.0">
    <ignored/>
  </testcase> <!-- @BeforeSuite verifyBeforeSuite -->
  <testcase classname="com.orangehrm.base.test.BaseTest" name="@BeforeTest verifyBeforeTest" time="0.0">
    <ignored/>
  </testcase> <!-- @BeforeTest verifyBeforeTest -->
  <testcase classname="com.orangehrm.base.test.BaseTest" name="@BeforeSuite initTestdata" time="0.0">
    <ignored/>
  </testcase> <!-- @BeforeSuite initTestdata -->
  <testcase classname="com.orangehrm.base.test.BaseTest" name="@BeforeSuite verifyBeforeSuite" time="0.0">
    <ignored/>
  </testcase> <!-- @BeforeSuite verifyBeforeSuite -->
  <testcase classname="com.orangehrm.base.test.BaseTest" name="@AfterSuite afterSuite" time="0.0">
    <ignored/>
  </testcase> <!-- @AfterSuite afterSuite -->
  <testcase classname="com.orangehrm.base.test.BaseTest" name="@BeforeSuite verifyBeforeSuite" time="0.0">
    <ignored/>
  </testcase> <!-- @BeforeSuite verifyBeforeSuite -->
  <testcase classname="com.orangehrm.base.test.BaseTest" name="@BeforeSuite verifyBeforeSuite" time="0.0">
    <ignored/>
  </testcase> <!-- @BeforeSuite verifyBeforeSuite -->
  <testcase classname="com.orangehrm.base.test.BaseTest" name="@BeforeSuite initTestdata" time="0.0">
    <ignored/>
  </testcase> <!-- @BeforeSuite initTestdata -->
  <testcase classname="com.orangehrm.base.test.BaseTest" name="@BeforeSuite initTestdata" time="0.0">
    <ignored/>
  </testcase> <!-- @BeforeSuite initTestdata -->
  <testcase classname="com.orangehrm.base.test.BaseTest" name="@AfterSuite afterSuite" time="0.0">
    <ignored/>
  </testcase> <!-- @AfterSuite afterSuite -->
  <testcase classname="com.orangehrm.base.test.BaseTest" name="@AfterTest verifyAfterTest" time="0.0">
    <ignored/>
  </testcase> <!-- @AfterTest verifyAfterTest -->
  <testcase classname="com.orangehrm.base.test.BaseTest" name="@AfterSuite verifyAfterSuite" time="0.0">
    <ignored/>
  </testcase> <!-- @AfterSuite verifyAfterSuite -->
  <testcase classname="com.orangehrm.base.test.BaseTest" name="@AfterTest verifyAfterTest" time="0.0">
    <ignored/>
  </testcase> <!-- @AfterTest verifyAfterTest -->
  <testcase classname="com.orangehrm.base.test.BaseTest" name="@AfterTest verifyAfterTest" time="0.0">
    <ignored/>
  </testcase> <!-- @AfterTest verifyAfterTest -->
  <testcase classname="com.orangehrm.base.test.BaseTest" name="@AfterSuite afterSuite" time="0.0">
    <ignored/>
  </testcase> <!-- @AfterSuite afterSuite -->
  <testcase classname="com.orangehrm.base.test.BaseTest" name="@AfterSuite verifyAfterSuite" time="0.0">
    <ignored/>
  </testcase> <!-- @AfterSuite verifyAfterSuite -->
  <testcase classname="com.orangehrm.base.test.BaseTest" name="@AfterSuite verifyAfterSuite" time="0.0">
    <ignored/>
  </testcase> <!-- @AfterSuite verifyAfterSuite -->
  <testcase classname="com.orangehrm.base.test.BaseTest" name="@AfterSuite verifyAfterSuite" time="0.0">
    <ignored/>
  </testcase> <!-- @AfterSuite verifyAfterSuite -->
  <testcase classname="com.orangehrm.base.test.BaseTest" name="@BeforeSuite verifyBeforeSuite" time="0.0">
    <ignored/>
  </testcase> <!-- @BeforeSuite verifyBeforeSuite -->
  <testcase classname="com.orangehrm.base.test.BaseTest" name="@AfterTest verifyAfterTest" time="0.0">
    <ignored/>
  </testcase> <!-- @AfterTest verifyAfterTest -->
  <testcase classname="com.orangehrm.base.test.BaseTest" name="@BeforeTest verifyBeforeTest" time="0.0">
    <ignored/>
  </testcase> <!-- @BeforeTest verifyBeforeTest -->
  <testcase classname="com.orangehrm.base.test.BaseTest" name="@BeforeTest verifyBeforeTest" time="0.0">
    <ignored/>
  </testcase> <!-- @BeforeTest verifyBeforeTest -->
  <testcase classname="com.orangehrm.base.test.BaseTest" name="@BeforeTest verifyBeforeTest" time="0.0">
    <ignored/>
  </testcase> <!-- @BeforeTest verifyBeforeTest -->
  <testcase classname="com.orangehrm.base.test.BaseTest" name="@AfterSuite verifyAfterSuite" time="0.0">
    <ignored/>
  </testcase> <!-- @AfterSuite verifyAfterSuite -->
  <testcase classname="com.orangehrm.base.test.BaseTest" name="@BeforeSuite initTestdata" time="0.0">
    <ignored/>
  </testcase> <!-- @BeforeSuite initTestdata -->
  <testcase classname="com.orangehrm.base.test.BaseTest" name="@BeforeTest verifyBeforeTest" time="0.0">
    <ignored/>
  </testcase> <!-- @BeforeTest verifyBeforeTest -->
</testsuite> <!-- Surefire test -->
