<?xml version="1.0" encoding="UTF-8"?>
<testng-results ignored="6" total="13" passed="6" failed="1" skipped="0">
  <reporter-output>
  </reporter-output>
  <suite started-at="2026-05-30T15:01:48 IST" name="ORANGEHRM" finished-at="2026-05-30T15:03:13 IST" duration-ms="85290">
    <groups>
      <group name="smoke">
        <method signature="UserManagementTest.VerifyAdminMenuItem()[pri:1, instance:com.orangehrm.admin.test.UserManagementTest@67b9b51a]" name="VerifyAdminMenuItem" class="com.orangehrm.admin.test.UserManagementTest"/>
        <method signature="UserManagementTest.VerifySearchSystemUsersByEnteringValidUsernameOnly()[pri:4, instance:com.orangehrm.admin.test.UserManagementTest@67b9b51a]" name="VerifySearchSystemUsersByEnteringValidUsernameOnly" class="com.orangehrm.admin.test.UserManagementTest"/>
      </group> <!-- smoke -->
    </groups>
    <test started-at="2026-05-30T15:01:48 IST" name="All" finished-at="2026-05-30T15:03:13 IST" duration-ms="85290">
      <class name="com.orangehrm.admin.test.UserManagementTest">
        <test-method is-config="true" signature="initBrowserAndWebsite(java.lang.String,java.lang.String)[pri:0, instance:com.orangehrm.admin.test.UserManagementTest@67b9b51a]" started-at="2026-05-30T15:03:01 IST" name="initBrowserAndWebsite" finished-at="2026-05-30T15:03:09 IST" duration-ms="7329" status="PASS">
          <params>
            <param index="0">
              <value>
                <![CDATA[chrome]]>
              </value>
            </param>
            <param index="1">
              <value>
                <![CDATA[https://opensource-demo.orangehrmlive.com/web/index.php/auth/login]]>
              </value>
            </param>
          </params>
          <reporter-output>
          </reporter-output>
        </test-method> <!-- initBrowserAndWebsite -->
        <test-method signature="VerifyAdminMenuItem()[pri:1, instance:com.orangehrm.admin.test.UserManagementTest@67b9b51a]" started-at="2026-05-30T15:03:09 IST" name="VerifyAdminMenuItem" description="Verify Admin Menu Item" finished-at="2026-05-30T15:03:11 IST" duration-ms="1731" status="PASS">
          <reporter-output>
          </reporter-output>
        </test-method> <!-- VerifyAdminMenuItem -->
        <test-method signature="VerifySearchSystemUsersByAllFieldsBlank()[pri:2, instance:com.orangehrm.admin.test.UserManagementTest@67b9b51a]" started-at="2026-05-30T15:03:11 IST" name="VerifySearchSystemUsersByAllFieldsBlank" description="Verify Search System Users  by all fields blank" finished-at="2026-05-30T15:03:11 IST" duration-ms="83" status="PASS">
          <reporter-output>
          </reporter-output>
        </test-method> <!-- VerifySearchSystemUsersByAllFieldsBlank -->
        <test-method signature="VerifySearchSystemUsersByEnteringInvalidUsernameOnly()[pri:3, instance:com.orangehrm.admin.test.UserManagementTest@67b9b51a]" started-at="2026-05-30T15:03:11 IST" name="VerifySearchSystemUsersByEnteringInvalidUsernameOnly" description="Verify Search System Users by Entering an Invalid Username and leaving User Role, Employee Name, and Status blank" finished-at="2026-05-30T15:03:12 IST" duration-ms="1136" status="PASS">
          <reporter-output>
          </reporter-output>
        </test-method> <!-- VerifySearchSystemUsersByEnteringInvalidUsernameOnly -->
        <test-method signature="VerifySearchSystemUsersByEnteringValidUsernameOnly()[pri:4, instance:com.orangehrm.admin.test.UserManagementTest@67b9b51a]" started-at="2026-05-30T15:03:12 IST" name="VerifySearchSystemUsersByEnteringValidUsernameOnly" description="Verify Search System Users by Entering an Valid Username and leaving User Role, Employee Name, and Status blank" finished-at="2026-05-30T15:03:13 IST" duration-ms="1189" status="PASS">
          <reporter-output>
          </reporter-output>
        </test-method> <!-- VerifySearchSystemUsersByEnteringValidUsernameOnly -->
        <test-method is-config="true" signature="verifyAfterClass()[pri:0, instance:com.orangehrm.admin.test.UserManagementTest@67b9b51a]" started-at="2026-05-30T15:03:13 IST" name="verifyAfterClass" finished-at="2026-05-30T15:03:13 IST" duration-ms="0" status="PASS">
          <reporter-output>
          </reporter-output>
        </test-method> <!-- verifyAfterClass -->
      </class> <!-- com.orangehrm.admin.test.UserManagementTest -->
      <class name="com.orangehrm.login.test.ForgotYourPasswordTest">
        <test-method is-config="true" signature="initTestdata()[pri:0, instance:com.orangehrm.login.test.ForgotYourPasswordTest@46271dd6]" started-at="2026-05-30T15:01:48 IST" name="initTestdata" finished-at="2026-05-30T15:01:48 IST" duration-ms="20" status="PASS">
          <reporter-output>
          </reporter-output>
        </test-method> <!-- initTestdata -->
        <test-method is-config="true" signature="verifyBeforeSuite()[pri:0, instance:com.orangehrm.login.test.ForgotYourPasswordTest@46271dd6]" started-at="2026-05-30T15:01:48 IST" name="verifyBeforeSuite" finished-at="2026-05-30T15:01:48 IST" duration-ms="4" status="PASS">
          <reporter-output>
          </reporter-output>
        </test-method> <!-- verifyBeforeSuite -->
        <test-method is-config="true" signature="verifyBeforeTest()[pri:0, instance:com.orangehrm.login.test.ForgotYourPasswordTest@46271dd6]" started-at="2026-05-30T15:01:48 IST" name="verifyBeforeTest" finished-at="2026-05-30T15:01:48 IST" duration-ms="0" status="PASS">
          <reporter-output>
          </reporter-output>
        </test-method> <!-- verifyBeforeTest -->
        <test-method is-config="true" signature="initBrowserAndWebsite(java.lang.String,java.lang.String)[pri:0, instance:com.orangehrm.login.test.ForgotYourPasswordTest@46271dd6]" started-at="2026-05-30T15:01:48 IST" name="initBrowserAndWebsite" finished-at="2026-05-30T15:01:54 IST" duration-ms="6445" status="PASS">
          <params>
            <param index="0">
              <value>
                <![CDATA[chrome]]>
              </value>
            </param>
            <param index="1">
              <value>
                <![CDATA[https://opensource-demo.orangehrmlive.com/web/index.php/auth/login]]>
              </value>
            </param>
          </params>
          <reporter-output>
          </reporter-output>
        </test-method> <!-- initBrowserAndWebsite -->
        <test-method signature="verifyLoginByEnteringInvalidUsername()[pri:1, instance:com.orangehrm.login.test.ForgotYourPasswordTest@46271dd6]" started-at="2026-05-30T15:01:54 IST" name="verifyLoginByEnteringInvalidUsername" description="Verify Forgot Your Password by Entering Invalid Username" finished-at="2026-05-30T15:01:58 IST" duration-ms="3324" status="PASS">
          <reporter-output>
          </reporter-output>
        </test-method> <!-- verifyLoginByEnteringInvalidUsername -->
        <test-method signature="verifyLoginByEnteringValidUsername()[pri:2, instance:com.orangehrm.login.test.ForgotYourPasswordTest@46271dd6]" started-at="2026-05-30T15:01:58 IST" name="verifyLoginByEnteringValidUsername" description="Verify Forgot Your Password by Entering Valid Username" finished-at="2026-05-30T15:02:59 IST" duration-ms="61440" status="FAIL">
          <exception class="org.openqa.selenium.TimeoutException">
            <message>
              <![CDATA[Expected condition failed: waiting for visibility of Proxy element for: DefaultElementLocator 'By.xpath: //h6[@class='oxd-text oxd-text--h6 orangehrm-forgot-password-title']' (tried for 60 second(s) with 500 milliseconds interval)]]>
            </message>
            <full-stacktrace>
              <![CDATA[org.openqa.selenium.TimeoutException: Expected condition failed: waiting for visibility of Proxy element for: DefaultElementLocator 'By.xpath: //h6[@class='oxd-text oxd-text--h6 orangehrm-forgot-password-title']' (tried for 60 second(s) with 500 milliseconds interval)
at org.openqa.selenium.support.ui.WebDriverWait.timeoutException(WebDriverWait.java:84)
at org.openqa.selenium.support.ui.FluentWait.until(FluentWait.java:230)
at com.orangehrm.base.page.BasePage.explicit(BasePage.java:66)
at com.orangehrm.login.page.ForgotYourPasswordPage.getResetPasswordLinkSentSuccessfullyText(ForgotYourPasswordPage.java:73)
at com.orangehrm.login.test.ForgotYourPasswordTest.verifyLoginByEnteringValidUsername(ForgotYourPasswordTest.java:76)
at java.base/jdk.internal.reflect.DirectMethodHandleAccessor.invoke(DirectMethodHandleAccessor.java:103)
at java.base/java.lang.reflect.Method.invoke(Method.java:580)
at org.testng.internal.invokers.MethodInvocationHelper.invokeMethod(MethodInvocationHelper.java:139)
at org.testng.internal.invokers.TestInvoker.invokeMethod(TestInvoker.java:677)
at org.testng.internal.invokers.TestInvoker.invokeTestMethod(TestInvoker.java:221)
at org.testng.internal.invokers.MethodRunner.runInSequence(MethodRunner.java:50)
at org.testng.internal.invokers.TestInvoker$MethodInvocationAgent.invoke(TestInvoker.java:969)
at org.testng.internal.invokers.TestInvoker.invokeTestMethods(TestInvoker.java:194)
at org.testng.internal.invokers.TestMethodWorker.invokeTestMethods(TestMethodWorker.java:148)
at org.testng.internal.invokers.TestMethodWorker.run(TestMethodWorker.java:128)
at java.base/java.util.ArrayList.forEach(ArrayList.java:1596)
at org.testng.TestRunner.privateRun(TestRunner.java:829)
at org.testng.TestRunner.run(TestRunner.java:602)
at org.testng.SuiteRunner.runTest(SuiteRunner.java:437)
at org.testng.SuiteRunner.runSequentially(SuiteRunner.java:431)
at org.testng.SuiteRunner.privateRun(SuiteRunner.java:391)
at org.testng.SuiteRunner.run(SuiteRunner.java:330)
at org.testng.SuiteRunnerWorker.runSuite(SuiteRunnerWorker.java:52)
at org.testng.SuiteRunnerWorker.run(SuiteRunnerWorker.java:95)
at org.testng.TestNG.runSuitesSequentially(TestNG.java:1256)
at org.testng.TestNG.runSuitesLocally(TestNG.java:1176)
at org.testng.TestNG.runSuites(TestNG.java:1099)
at org.testng.TestNG.run(TestNG.java:1067)
at org.testng.remote.AbstractRemoteTestNG.run(AbstractRemoteTestNG.java:115)
at org.testng.remote.RemoteTestNG.initAndRun(RemoteTestNG.java:293)
at org.testng.remote.RemoteTestNG.main(RemoteTestNG.java:91)
Caused by: org.openqa.selenium.NoSuchElementException: no such element: Unable to locate element: {"method":"xpath","selector":"//h6[@class='oxd-text oxd-text--h6 orangehrm-forgot-password-title']"}
  (Session info: chrome=148.0.7778.181)
For documentation on this error, please visit: https://www.selenium.dev/documentation/webdriver/troubleshooting/errors#no-such-element-exception
Build info: version: '4.11.0', revision: '040bc5406b'
System info: os.name: 'Windows 11', os.arch: 'amd64', os.version: '10.0', java.version: '21'
Driver info: org.openqa.selenium.chrome.ChromeDriver
Command: [1220f3b789737383ff22eed069678c63, findElement {using=xpath, value=//h6[@class='oxd-text oxd-text--h6 orangehrm-forgot-password-title']}]
Capabilities {acceptInsecureCerts: false, browserName: chrome, browserVersion: 148.0.7778.181, chrome: {chromedriverVersion: 148.0.7778.178 (d096af1c9e9..., userDataDir: C:\Users\DELL\AppData\Local...}, fedcm:accounts: true, goog:chromeOptions: {debuggerAddress: localhost:58472}, goog:processID: 20808, networkConnectionEnabled: false, pageLoadStrategy: normal, platformName: windows, proxy: Proxy(), se:cdp: ws://localhost:58472/devtoo..., se:cdpVersion: 148.0.7778.181, setWindowRect: true, strictFileInteractability: false, timeouts: {implicit: 0, pageLoad: 300000, script: 30000}, unhandledPromptBehavior: dismiss and notify, webauthn:extension:credBlob: true, webauthn:extension:largeBlob: true, webauthn:extension:minPinLength: true, webauthn:extension:prf: true, webauthn:virtualAuthenticators: true}
Session ID: 1220f3b789737383ff22eed069678c63
at java.base/jdk.internal.reflect.DirectConstructorHandleAccessor.newInstance(DirectConstructorHandleAccessor.java:62)
at java.base/java.lang.reflect.Constructor.newInstanceWithCaller(Constructor.java:502)
at java.base/java.lang.reflect.Constructor.newInstance(Constructor.java:486)
at org.openqa.selenium.remote.codec.w3c.W3CHttpResponseCodec.createException(W3CHttpResponseCodec.java:200)
at org.openqa.selenium.remote.codec.w3c.W3CHttpResponseCodec.decode(W3CHttpResponseCodec.java:133)
at org.openqa.selenium.remote.codec.w3c.W3CHttpResponseCodec.decode(W3CHttpResponseCodec.java:52)
at org.openqa.selenium.remote.HttpCommandExecutor.execute(HttpCommandExecutor.java:191)
at org.openqa.selenium.remote.service.DriverCommandExecutor.invokeExecute(DriverCommandExecutor.java:196)
at org.openqa.selenium.remote.service.DriverCommandExecutor.execute(DriverCommandExecutor.java:171)
at org.openqa.selenium.remote.RemoteWebDriver.execute(RemoteWebDriver.java:518)
at org.openqa.selenium.remote.ElementLocation$ElementFinder$2.findElement(ElementLocation.java:165)
at org.openqa.selenium.remote.ElementLocation.findElement(ElementLocation.java:59)
at org.openqa.selenium.remote.RemoteWebDriver.findElement(RemoteWebDriver.java:355)
at org.openqa.selenium.remote.RemoteWebDriver.findElement(RemoteWebDriver.java:349)
at org.openqa.selenium.support.pagefactory.DefaultElementLocator.findElement(DefaultElementLocator.java:68)
at org.openqa.selenium.support.pagefactory.internal.LocatingElementHandler.invoke(LocatingElementHandler.java:38)
at jdk.proxy2/jdk.proxy2.$Proxy30.isDisplayed(Unknown Source)
at org.openqa.selenium.support.ui.ExpectedConditions.elementIfVisible(ExpectedConditions.java:304)
at org.openqa.selenium.support.ui.ExpectedConditions.access$000(ExpectedConditions.java:37)
at org.openqa.selenium.support.ui.ExpectedConditions$10.apply(ExpectedConditions.java:290)
at org.openqa.selenium.support.ui.ExpectedConditions$10.apply(ExpectedConditions.java:287)
at org.openqa.selenium.support.ui.FluentWait.until(FluentWait.java:205)
... 29 more
]]>
            </full-stacktrace>
          </exception> <!-- org.openqa.selenium.TimeoutException -->
          <reporter-output>
          </reporter-output>
        </test-method> <!-- verifyLoginByEnteringValidUsername -->
        <test-method signature="verifySwitchingWindows()[pri:3, instance:com.orangehrm.login.test.ForgotYourPasswordTest@46271dd6]" started-at="2026-05-30T15:02:59 IST" name="verifySwitchingWindows" finished-at="2026-05-30T15:03:01 IST" duration-ms="2088" status="PASS">
          <reporter-output>
          </reporter-output>
        </test-method> <!-- verifySwitchingWindows -->
        <test-method is-config="true" signature="verifyAfterClass()[pri:0, instance:com.orangehrm.login.test.ForgotYourPasswordTest@46271dd6]" started-at="2026-05-30T15:03:01 IST" name="verifyAfterClass" finished-at="2026-05-30T15:03:01 IST" duration-ms="2" status="PASS">
          <reporter-output>
          </reporter-output>
        </test-method> <!-- verifyAfterClass -->
        <test-method is-config="true" signature="verifyAfterTest()[pri:0, instance:com.orangehrm.login.test.ForgotYourPasswordTest@46271dd6]" started-at="2026-05-30T15:03:13 IST" name="verifyAfterTest" finished-at="2026-05-30T15:03:13 IST" duration-ms="0" status="PASS">
          <reporter-output>
          </reporter-output>
        </test-method> <!-- verifyAfterTest -->
        <test-method is-config="true" signature="afterSuite()[pri:0, instance:com.orangehrm.login.test.ForgotYourPasswordTest@46271dd6]" started-at="2026-05-30T15:03:13 IST" name="afterSuite" finished-at="2026-05-30T15:03:17 IST" duration-ms="3682" status="PASS">
          <reporter-output>
          </reporter-output>
        </test-method> <!-- afterSuite -->
        <test-method is-config="true" signature="verifyAfterSuite()[pri:0, instance:com.orangehrm.login.test.ForgotYourPasswordTest@46271dd6]" started-at="2026-05-30T15:03:17 IST" name="verifyAfterSuite" finished-at="2026-05-30T15:03:17 IST" duration-ms="2" status="PASS">
          <reporter-output>
          </reporter-output>
        </test-method> <!-- verifyAfterSuite -->
      </class> <!-- com.orangehrm.login.test.ForgotYourPasswordTest -->
    </test> <!-- All -->
  </suite> <!-- ORANGEHRM -->
</testng-results>
