<?xml version="1.0" encoding="UTF-8"?>
<testng-results ignored="1" total="3" passed="2" failed="0" skipped="0">
  <reporter-output>
  </reporter-output>
  <suite started-at="2026-06-01T18:15:48 IST" name="ORANGEHRM" finished-at="2026-06-01T18:16:08 IST" duration-ms="20281">
    <groups>
    </groups>
    <test started-at="2026-06-01T18:15:48 IST" name="All" finished-at="2026-06-01T18:16:08 IST" duration-ms="20281">
      <class name="com.orangehrm.login.test.ForgotYourPasswordTest">
        <test-method is-config="true" signature="initTestdata()[pri:0, instance:com.orangehrm.login.test.ForgotYourPasswordTest@6ccdb29f]" started-at="2026-06-01T18:15:48 IST" name="initTestdata" finished-at="2026-06-01T18:15:48 IST" duration-ms="19" status="PASS">
          <reporter-output>
          </reporter-output>
        </test-method> <!-- initTestdata -->
        <test-method is-config="true" signature="verifyBeforeSuite()[pri:0, instance:com.orangehrm.login.test.ForgotYourPasswordTest@6ccdb29f]" started-at="2026-06-01T18:15:48 IST" name="verifyBeforeSuite" finished-at="2026-06-01T18:15:48 IST" duration-ms="3" status="PASS">
          <reporter-output>
          </reporter-output>
        </test-method> <!-- verifyBeforeSuite -->
        <test-method is-config="true" signature="verifyBeforeTest()[pri:0, instance:com.orangehrm.login.test.ForgotYourPasswordTest@6ccdb29f]" started-at="2026-06-01T18:15:48 IST" name="verifyBeforeTest" finished-at="2026-06-01T18:15:48 IST" duration-ms="1" status="PASS">
          <reporter-output>
          </reporter-output>
        </test-method> <!-- verifyBeforeTest -->
        <test-method is-config="true" signature="initBrowserAndWebsite(java.lang.String,java.lang.String)[pri:0, instance:com.orangehrm.login.test.ForgotYourPasswordTest@6ccdb29f]" started-at="2026-06-01T18:15:48 IST" name="initBrowserAndWebsite" finished-at="2026-06-01T18:16:00 IST" duration-ms="11278" status="PASS">
          <params>
            <param index="0">
              <value>
                <![CDATA[chrome]]>
              </value>
            </param>
            <param index="1">
              <value>
                <![CDATA[https://opensource-demo.orangehrmlive.com/web/index.php/auth/login]]>
              </value>
            </param>
          </params>
          <reporter-output>
          </reporter-output>
        </test-method> <!-- initBrowserAndWebsite -->
        <test-method signature="verifyLoginByEnteringInvalidUsername()[pri:1, instance:com.orangehrm.login.test.ForgotYourPasswordTest@6ccdb29f]" started-at="2026-06-01T18:16:00 IST" name="verifyLoginByEnteringInvalidUsername" description="Verify Forgot Your Password by Entering Invalid Username" finished-at="2026-06-01T18:16:05 IST" duration-ms="5771" status="PASS">
          <reporter-output>
          </reporter-output>
        </test-method> <!-- verifyLoginByEnteringInvalidUsername -->
        <test-method signature="verifySwitchingWindows()[pri:3, instance:com.orangehrm.login.test.ForgotYourPasswordTest@6ccdb29f]" started-at="2026-06-01T18:16:05 IST" name="verifySwitchingWindows" finished-at="2026-06-01T18:16:08 IST" duration-ms="2826" status="PASS">
          <reporter-output>
          </reporter-output>
        </test-method> <!-- verifySwitchingWindows -->
        <test-method is-config="true" signature="verifyAfterClass()[pri:0, instance:com.orangehrm.login.test.ForgotYourPasswordTest@6ccdb29f]" started-at="2026-06-01T18:16:08 IST" name="verifyAfterClass" finished-at="2026-06-01T18:16:08 IST" duration-ms="3" status="PASS">
          <reporter-output>
          </reporter-output>
        </test-method> <!-- verifyAfterClass -->
        <test-method is-config="true" signature="verifyAfterTest()[pri:0, instance:com.orangehrm.login.test.ForgotYourPasswordTest@6ccdb29f]" started-at="2026-06-01T18:16:08 IST" name="verifyAfterTest" finished-at="2026-06-01T18:16:08 IST" duration-ms="2" status="PASS">
          <reporter-output>
          </reporter-output>
        </test-method> <!-- verifyAfterTest -->
        <test-method is-config="true" signature="afterSuite()[pri:0, instance:com.orangehrm.login.test.ForgotYourPasswordTest@6ccdb29f]" started-at="2026-06-01T18:16:09 IST" name="afterSuite" finished-at="2026-06-01T18:16:27 IST" duration-ms="18167" status="PASS">
          <reporter-output>
          </reporter-output>
        </test-method> <!-- afterSuite -->
        <test-method is-config="true" signature="verifyAfterSuite()[pri:0, instance:com.orangehrm.login.test.ForgotYourPasswordTest@6ccdb29f]" started-at="2026-06-01T18:16:27 IST" name="verifyAfterSuite" finished-at="2026-06-01T18:16:27 IST" duration-ms="1" status="PASS">
          <reporter-output>
          </reporter-output>
        </test-method> <!-- verifyAfterSuite -->
      </class> <!-- com.orangehrm.login.test.ForgotYourPasswordTest -->
    </test> <!-- All -->
  </suite> <!-- ORANGEHRM -->
</testng-results>
