<?xml version="1.0" encoding="UTF-8"?>
<!-- Generated by org.testng.reporters.JUnitXMLReporter -->
<testsuite ignored="4" hostname="-SHIVANIMASADI" failures="0" tests="1" name="Default test" time="0.275" errors="0" timestamp="2025-04-24T12:24:06 IST">
  <testcase classname="com.orangehrm.login.test.JavaClass" name="verify_NOPriorityOne" time="0.1"/>
  <testcase classname="com.orangehrm.login.test.JavaClass" name="verify_PriorityMinusOne" time="0.0">
    <ignored/>
  </testcase> <!-- verify_PriorityMinusOne -->
  <testcase classname="com.orangehrm.login.test.JavaClass" name="verify_PriorityZero" time="0.0">
    <ignored/>
  </testcase> <!-- verify_PriorityZero -->
  <testcase classname="com.orangehrm.login.test.JavaClass" name="verify_PriorityOne" time="0.0">
    <ignored/>
  </testcase> <!-- verify_PriorityOne -->
  <testcase classname="com.orangehrm.login.test.JavaClass" name="verify_NOPriorityTwo" time="0.0">
    <ignored/>
  </testcase> <!-- verify_NOPriorityTwo -->
</testsuite> <!-- Default test -->
