<?xml version="1.0" encoding="UTF-8"?>
<!-- Generated by org.testng.reporters.JUnitXMLReporter -->
<testsuite ignored="0" hostname="-SHIVANIMASADI" failures="1" tests="1" name="Admin-UserMangement" time="25.523" errors="0" timestamp="2025-03-05T17:58:52 IST">
  <testcase classname="com.orangehrm.admin.test.AddUserTest" name="VerifyAddUserPage" time="7.27">
    <failure type="java.lang.IllegalArgumentException" message="Keys to send should be a not null CharSequence">
      <![CDATA[java.lang.IllegalArgumentException: Keys to send should be a not null CharSequence
at org.openqa.selenium.remote.RemoteWebElement.sendKeys(RemoteWebElement.java:97)
at org.openqa.selenium.support.pagefactory.internal.LocatingElementHandler.invoke(LocatingElementHandler.java:51)
at jdk.proxy2/jdk.proxy2.$Proxy29.sendKeys(Unknown Source)
at com.orangehrm.admin.page.AddUserPage.setPassword(AddUserPage.java:136)
at com.orangehrm.admin.test.AddUserTest.VerifyAddUserPage(AddUserTest.java:56)
at java.base/java.util.ArrayList.forEach(ArrayList.java:1596)
... Removed 27 stack frames]]>
    </failure>
  </testcase> <!-- VerifyAddUserPage -->
</testsuite> <!-- Admin-UserMangement -->
