<?xml version="1.0" encoding="UTF-8"?>
<!-- Generated by org.testng.reporters.JUnitXMLReporter -->
<testsuite ignored="6" hostname="-SHIVANIMASADI" failures="1" tests="7" name="All" time="85.29" errors="0" timestamp="2026-05-30T15:03:13 IST">
  <testcase classname="com.orangehrm.login.test.ForgotYourPasswordTest" name="verifyLoginByEnteringInvalidUsername" time="3.324"/>
  <testcase classname="com.orangehrm.login.test.ForgotYourPasswordTest" name="verifyLoginByEnteringValidUsername" time="61.44">
    <failure type="org.openqa.selenium.TimeoutException" message="Expected condition failed: waiting for visibility of Proxy element for: DefaultElementLocator &amp;apos;By.xpath: //h6[@class=&amp;apos;oxd-text oxd-text--h6 orangehrm-forgot-password-title&amp;apos;]&amp;apos; (tried for 60 second(s) with 500 milliseconds interval)">
      <![CDATA[org.openqa.selenium.TimeoutException: Expected condition failed: waiting for visibility of Proxy element for: DefaultElementLocator 'By.xpath: //h6[@class='oxd-text oxd-text--h6 orangehrm-forgot-password-title']' (tried for 60 second(s) with 500 milliseconds interval)
at org.openqa.selenium.support.ui.WebDriverWait.timeoutException(WebDriverWait.java:84)
at org.openqa.selenium.support.ui.FluentWait.until(FluentWait.java:230)
at com.orangehrm.base.page.BasePage.explicit(BasePage.java:66)
at com.orangehrm.login.page.ForgotYourPasswordPage.getResetPasswordLinkSentSuccessfullyText(ForgotYourPasswordPage.java:73)
at com.orangehrm.login.test.ForgotYourPasswordTest.verifyLoginByEnteringValidUsername(ForgotYourPasswordTest.java:76)
at java.base/java.util.ArrayList.forEach(ArrayList.java:1596)
Caused by: org.openqa.selenium.NoSuchElementException: no such element: Unable to locate element: {"method":"xpath","selector":"//h6[@class='oxd-text oxd-text--h6 orangehrm-forgot-password-title']"}
  (Session info: chrome=148.0.7778.181)
For documentation on this error, please visit: https://www.selenium.dev/documentation/webdriver/troubleshooting/errors#no-such-element-exception
Build info: version: '4.11.0', revision: '040bc5406b'
System info: os.name: 'Windows 11', os.arch: 'amd64', os.version: '10.0', java.version: '21'
Driver info: org.openqa.selenium.chrome.ChromeDriver
Command: [1220f3b789737383ff22eed069678c63, findElement {using=xpath, value=//h6[@class='oxd-text oxd-text--h6 orangehrm-forgot-password-title']}]
Capabilities {acceptInsecureCerts: false, browserName: chrome, browserVersion: 148.0.7778.181, chrome: {chromedriverVersion: 148.0.7778.178 (d096af1c9e9..., userDataDir: C:\Users\DELL\AppData\Local...}, fedcm:accounts: true, goog:chromeOptions: {debuggerAddress: localhost:58472}, goog:processID: 20808, networkConnectionEnabled: false, pageLoadStrategy: normal, platformName: windows, proxy: Proxy(), se:cdp: ws://localhost:58472/devtoo..., se:cdpVersion: 148.0.7778.181, setWindowRect: true, strictFileInteractability: false, timeouts: {implicit: 0, pageLoad: 300000, script: 30000}, unhandledPromptBehavior: dismiss and notify, webauthn:extension:credBlob: true, webauthn:extension:largeBlob: true, webauthn:extension:minPinLength: true, webauthn:extension:prf: true, webauthn:virtualAuthenticators: true}
Session ID: 1220f3b789737383ff22eed069678c63
at org.openqa.selenium.remote.codec.w3c.W3CHttpResponseCodec.createException(W3CHttpResponseCodec.java:200)
at org.openqa.selenium.remote.codec.w3c.W3CHttpResponseCodec.decode(W3CHttpResponseCodec.java:133)
at org.openqa.selenium.remote.codec.w3c.W3CHttpResponseCodec.decode(W3CHttpResponseCodec.java:52)
at org.openqa.selenium.remote.HttpCommandExecutor.execute(HttpCommandExecutor.java:191)
at org.openqa.selenium.remote.service.DriverCommandExecutor.invokeExecute(DriverCommandExecutor.java:196)
at org.openqa.selenium.remote.service.DriverCommandExecutor.execute(DriverCommandExecutor.java:171)
at org.openqa.selenium.remote.RemoteWebDriver.execute(RemoteWebDriver.java:518)
at org.openqa.selenium.remote.ElementLocation$ElementFinder$2.findElement(ElementLocation.java:165)
at org.openqa.selenium.remote.ElementLocation.findElement(ElementLocation.java:59)
at org.openqa.selenium.remote.RemoteWebDriver.findElement(RemoteWebDriver.java:355)
at org.openqa.selenium.remote.RemoteWebDriver.findElement(RemoteWebDriver.java:349)
at org.openqa.selenium.support.pagefactory.DefaultElementLocator.findElement(DefaultElementLocator.java:68)
at org.openqa.selenium.support.pagefactory.internal.LocatingElementHandler.invoke(LocatingElementHandler.java:38)
at jdk.proxy2/jdk.proxy2.$Proxy30.isDisplayed(Unknown Source)
at org.openqa.selenium.support.ui.ExpectedConditions.elementIfVisible(ExpectedConditions.java:304)
at org.openqa.selenium.support.ui.ExpectedConditions.access$000(ExpectedConditions.java:37)
at org.openqa.selenium.support.ui.ExpectedConditions$10.apply(ExpectedConditions.java:290)
at org.openqa.selenium.support.ui.ExpectedConditions$10.apply(ExpectedConditions.java:287)
at org.openqa.selenium.support.ui.FluentWait.until(FluentWait.java:205)
... 29 more
... Removed 28 stack frames]]>
    </failure>
  </testcase> <!-- verifyLoginByEnteringValidUsername -->
  <testcase classname="com.orangehrm.login.test.ForgotYourPasswordTest" name="verifySwitchingWindows" time="2.088"/>
  <testcase classname="com.orangehrm.admin.test.UserManagementTest" name="VerifyAdminMenuItem" time="1.731"/>
  <testcase classname="com.orangehrm.admin.test.UserManagementTest" name="VerifySearchSystemUsersByAllFieldsBlank" time="0.083"/>
  <testcase classname="com.orangehrm.admin.test.UserManagementTest" name="VerifySearchSystemUsersByEnteringInvalidUsernameOnly" time="1.136"/>
  <testcase classname="com.orangehrm.admin.test.UserManagementTest" name="VerifySearchSystemUsersByEnteringValidUsernameOnly" time="1.189"/>
  <testcase classname="com.orangehrm.base.test.BaseTest" name="@BeforeTest verifyBeforeTest" time="0.0">
    <ignored/>
  </testcase> <!-- @BeforeTest verifyBeforeTest -->
  <testcase classname="com.orangehrm.base.test.BaseTest" name="@AfterSuite verifyAfterSuite" time="0.0">
    <ignored/>
  </testcase> <!-- @AfterSuite verifyAfterSuite -->
  <testcase classname="com.orangehrm.base.test.BaseTest" name="@BeforeSuite initTestdata" time="0.0">
    <ignored/>
  </testcase> <!-- @BeforeSuite initTestdata -->
  <testcase classname="com.orangehrm.base.test.BaseTest" name="@AfterSuite afterSuite" time="0.0">
    <ignored/>
  </testcase> <!-- @AfterSuite afterSuite -->
  <testcase classname="com.orangehrm.base.test.BaseTest" name="@BeforeSuite verifyBeforeSuite" time="0.0">
    <ignored/>
  </testcase> <!-- @BeforeSuite verifyBeforeSuite -->
  <testcase classname="com.orangehrm.base.test.BaseTest" name="@AfterTest verifyAfterTest" time="0.0">
    <ignored/>
  </testcase> <!-- @AfterTest verifyAfterTest -->
</testsuite> <!-- All -->
