<?xml version="1.0" encoding="UTF-8"?>
<!-- Generated by org.testng.reporters.JUnitXMLReporter -->
<testsuite ignored="1" hostname="-SHIVANIMASADI" failures="0" tests="2" name="All" time="20.281" errors="0" timestamp="2026-06-01T18:16:09 IST">
  <testcase classname="com.orangehrm.login.test.ForgotYourPasswordTest" name="verifyLoginByEnteringInvalidUsername" time="5.771"/>
  <testcase classname="com.orangehrm.login.test.ForgotYourPasswordTest" name="verifySwitchingWindows" time="2.826"/>
  <testcase classname="com.orangehrm.login.test.ForgotYourPasswordTest" name="verifyLoginByEnteringValidUsername" time="0.0">
    <ignored/>
  </testcase> <!-- verifyLoginByEnteringValidUsername -->
</testsuite> <!-- All -->
