<?xml version="1.0" encoding="UTF-8"?>
<!-- Generated by org.testng.reporters.JUnitXMLReporter -->
<testsuite ignored="0" hostname="-SHIVANIMASADI" failures="0" tests="3" name="Login into ORANGEHRM" time="31.522" errors="0" timestamp="2025-03-20T14:49:26 IST">
  <testcase classname="com.orangehrm.login.test.ParameterizedTesting" name="DataProviderLogin" time="3.114"/>
  <testcase classname="com.orangehrm.login.test.ParameterizedTesting" name="DataProviderLogin" time="8.756"/>
  <testcase classname="com.orangehrm.login.test.ParameterizedTesting" name="DataProviderLogin" time="10.58"/>
</testsuite> <!-- Login into ORANGEHRM -->
