<?xml version="1.0" encoding="UTF-8"?>
<testng-results ignored="12" total="28" passed="15" failed="1" skipped="0">
  <reporter-output>
  </reporter-output>
  <suite started-at="2025-08-05T16:45:49 IST" name="ORANGEHRM" finished-at="2025-08-05T16:48:40 IST" duration-ms="170787">
    <groups>
      <group name="smoke">
        <method signature="UserManagementTest.VerifyAdminMenuItem()[pri:1, instance:com.orangehrm.admin.test.UserManagementTest@1ae8bcbc]" name="VerifyAdminMenuItem" class="com.orangehrm.admin.test.UserManagementTest"/>
        <method signature="UserManagementTest.VerifySearchSystemUsersByEnteringValidUsernameOnly()[pri:4, instance:com.orangehrm.admin.test.UserManagementTest@1ae8bcbc]" name="VerifySearchSystemUsersByEnteringValidUsernameOnly" class="com.orangehrm.admin.test.UserManagementTest"/>
        <method signature="LoginTest.verifyLoginByValidUsernamePasswordFields()[pri:9, instance:com.orangehrm.login.test.LoginTest@490caf5f]" name="verifyLoginByValidUsernamePasswordFields" class="com.orangehrm.login.test.LoginTest"/>
      </group> <!-- smoke -->
    </groups>
    <test started-at="2025-08-05T16:45:49 IST" name="All" finished-at="2025-08-05T16:48:40 IST" duration-ms="170787">
      <class name="com.orangehrm.admin.test.UserManagementTest">
        <test-method is-config="true" signature="initBrowserAndWebsite(java.lang.String,java.lang.String)[pri:0, instance:com.orangehrm.admin.test.UserManagementTest@1ae8bcbc]" started-at="2025-08-05T16:48:28 IST" name="initBrowserAndWebsite" finished-at="2025-08-05T16:48:35 IST" duration-ms="7342" status="PASS">
          <params>
            <param index="0">
              <value>
                <![CDATA[chrome]]>
              </value>
            </param>
            <param index="1">
              <value>
                <![CDATA[https://opensource-demo.orangehrmlive.com/web/index.php/auth/login]]>
              </value>
            </param>
          </params>
          <reporter-output>
          </reporter-output>
        </test-method> <!-- initBrowserAndWebsite -->
        <test-method signature="VerifyAdminMenuItem()[pri:1, instance:com.orangehrm.admin.test.UserManagementTest@1ae8bcbc]" started-at="2025-08-05T16:48:35 IST" name="VerifyAdminMenuItem" description="Verify Admin Menu Item" finished-at="2025-08-05T16:48:37 IST" duration-ms="2034" status="PASS">
          <reporter-output>
          </reporter-output>
        </test-method> <!-- VerifyAdminMenuItem -->
        <test-method signature="VerifySearchSystemUsersByAllFieldsBlank()[pri:2, instance:com.orangehrm.admin.test.UserManagementTest@1ae8bcbc]" started-at="2025-08-05T16:48:37 IST" name="VerifySearchSystemUsersByAllFieldsBlank" description="Verify Search System Users  by all fields blank" finished-at="2025-08-05T16:48:37 IST" duration-ms="111" status="PASS">
          <reporter-output>
          </reporter-output>
        </test-method> <!-- VerifySearchSystemUsersByAllFieldsBlank -->
        <test-method signature="VerifySearchSystemUsersByEnteringInvalidUsernameOnly()[pri:3, instance:com.orangehrm.admin.test.UserManagementTest@1ae8bcbc]" started-at="2025-08-05T16:48:37 IST" name="VerifySearchSystemUsersByEnteringInvalidUsernameOnly" description="Verify Search System Users by Entering an Invalid Username and leaving User Role, Employee Name, and Status blank" finished-at="2025-08-05T16:48:39 IST" duration-ms="1330" status="PASS">
          <reporter-output>
          </reporter-output>
        </test-method> <!-- VerifySearchSystemUsersByEnteringInvalidUsernameOnly -->
        <test-method signature="VerifySearchSystemUsersByEnteringValidUsernameOnly()[pri:4, instance:com.orangehrm.admin.test.UserManagementTest@1ae8bcbc]" started-at="2025-08-05T16:48:39 IST" name="VerifySearchSystemUsersByEnteringValidUsernameOnly" description="Verify Search System Users by Entering an Valid Username and leaving User Role, Employee Name, and Status blank" finished-at="2025-08-05T16:48:40 IST" duration-ms="1535" status="PASS">
          <reporter-output>
          </reporter-output>
        </test-method> <!-- VerifySearchSystemUsersByEnteringValidUsernameOnly -->
        <test-method is-config="true" signature="verifyAfterClass()[pri:0, instance:com.orangehrm.admin.test.UserManagementTest@1ae8bcbc]" started-at="2025-08-05T16:48:40 IST" name="verifyAfterClass" finished-at="2025-08-05T16:48:40 IST" duration-ms="0" status="PASS">
          <reporter-output>
          </reporter-output>
        </test-method> <!-- verifyAfterClass -->
      </class> <!-- com.orangehrm.admin.test.UserManagementTest -->
      <class name="com.orangehrm.login.test.LoginTest">
        <test-method is-config="true" signature="initTestdata()[pri:0, instance:com.orangehrm.login.test.LoginTest@490caf5f]" started-at="2025-08-05T16:45:49 IST" name="initTestdata" finished-at="2025-08-05T16:45:49 IST" duration-ms="16" status="PASS">
          <reporter-output>
          </reporter-output>
        </test-method> <!-- initTestdata -->
        <test-method is-config="true" signature="verifyBeforeSuite()[pri:0, instance:com.orangehrm.login.test.LoginTest@490caf5f]" started-at="2025-08-05T16:45:49 IST" name="verifyBeforeSuite" finished-at="2025-08-05T16:45:49 IST" duration-ms="3" status="PASS">
          <reporter-output>
          </reporter-output>
        </test-method> <!-- verifyBeforeSuite -->
        <test-method is-config="true" signature="verifyBeforeTest()[pri:0, instance:com.orangehrm.login.test.LoginTest@490caf5f]" started-at="2025-08-05T16:45:50 IST" name="verifyBeforeTest" finished-at="2025-08-05T16:45:50 IST" duration-ms="1" status="PASS">
          <reporter-output>
          </reporter-output>
        </test-method> <!-- verifyBeforeTest -->
        <test-method is-config="true" signature="initBrowserAndWebsite(java.lang.String,java.lang.String)[pri:0, instance:com.orangehrm.login.test.LoginTest@490caf5f]" started-at="2025-08-05T16:45:50 IST" name="initBrowserAndWebsite" finished-at="2025-08-05T16:45:57 IST" duration-ms="7138" status="PASS">
          <params>
            <param index="0">
              <value>
                <![CDATA[chrome]]>
              </value>
            </param>
            <param index="1">
              <value>
                <![CDATA[https://opensource-demo.orangehrmlive.com/web/index.php/auth/login]]>
              </value>
            </param>
          </params>
          <reporter-output>
          </reporter-output>
        </test-method> <!-- initBrowserAndWebsite -->
        <test-method signature="verifyLoginByLeavingAllFieldsBlank()[pri:1, instance:com.orangehrm.login.test.LoginTest@490caf5f]" started-at="2025-08-05T16:45:57 IST" name="verifyLoginByLeavingAllFieldsBlank" description="Verify Login functionality by leaving User name &amp; password fields Blank" finished-at="2025-08-05T16:45:58 IST" duration-ms="878" status="PASS">
          <reporter-output>
          </reporter-output>
        </test-method> <!-- verifyLoginByLeavingAllFieldsBlank -->
        <test-method signature="verifyLoginByEnteringUsernameFieldLeavingPasswordFieldBlank()[pri:2, instance:com.orangehrm.login.test.LoginTest@490caf5f]" started-at="2025-08-05T16:45:58 IST" name="verifyLoginByEnteringUsernameFieldLeavingPasswordFieldBlank" description="Verify Login By Entering  Valid Username and Leaving Password Field blank" finished-at="2025-08-05T16:46:00 IST" duration-ms="1825" status="PASS">
          <reporter-output>
          </reporter-output>
        </test-method> <!-- verifyLoginByEnteringUsernameFieldLeavingPasswordFieldBlank -->
        <test-method signature="verifyLoginByEnteringInvalidUsernameFieldLeavingPasswordFieldBlank()[pri:3, instance:com.orangehrm.login.test.LoginTest@490caf5f]" started-at="2025-08-05T16:46:00 IST" name="verifyLoginByEnteringInvalidUsernameFieldLeavingPasswordFieldBlank" description="Verify Login By Entering  Invalid Username and Leaving Password Field blank" finished-at="2025-08-05T16:46:01 IST" duration-ms="1159" status="PASS">
          <reporter-output>
          </reporter-output>
        </test-method> <!-- verifyLoginByEnteringInvalidUsernameFieldLeavingPasswordFieldBlank -->
        <test-method signature="verifyLoginByEnteringPasswordFieldLeavingUsernameFieldBlank()[pri:4, instance:com.orangehrm.login.test.LoginTest@490caf5f]" started-at="2025-08-05T16:46:01 IST" name="verifyLoginByEnteringPasswordFieldLeavingUsernameFieldBlank" description="Verify Login By Entering Valid Password and Leaving Username Field blank" finished-at="2025-08-05T16:46:02 IST" duration-ms="1248" status="PASS">
          <reporter-output>
          </reporter-output>
        </test-method> <!-- verifyLoginByEnteringPasswordFieldLeavingUsernameFieldBlank -->
        <test-method signature="verifyLoginByEnteringInvalidPasswordFieldLeavingUsernameFieldBlank()[pri:5, instance:com.orangehrm.login.test.LoginTest@490caf5f]" started-at="2025-08-05T16:46:02 IST" name="verifyLoginByEnteringInvalidPasswordFieldLeavingUsernameFieldBlank" description="Verify Login with Entering Invalid Password and Leaving Username Field blank" finished-at="2025-08-05T16:46:03 IST" duration-ms="1350" status="PASS">
          <reporter-output>
          </reporter-output>
        </test-method> <!-- verifyLoginByEnteringInvalidPasswordFieldLeavingUsernameFieldBlank -->
        <test-method signature="verifyLoginByEnteringInvalidUsernameValidPasswordFields()[pri:6, instance:com.orangehrm.login.test.LoginTest@490caf5f]" started-at="2025-08-05T16:46:03 IST" name="verifyLoginByEnteringInvalidUsernameValidPasswordFields" description="Verify Login by Entering Invalid Username and Valid Password" finished-at="2025-08-05T16:46:06 IST" duration-ms="2718" status="PASS">
          <reporter-output>
          </reporter-output>
        </test-method> <!-- verifyLoginByEnteringInvalidUsernameValidPasswordFields -->
        <test-method signature="verifyLoginByEnteringValidUsernameInvalidPasswordFields()[pri:7, instance:com.orangehrm.login.test.LoginTest@490caf5f]" started-at="2025-08-05T16:46:06 IST" name="verifyLoginByEnteringValidUsernameInvalidPasswordFields" description="Verify Login by Entering Valid Username and Invalid Password" finished-at="2025-08-05T16:46:09 IST" duration-ms="2967" status="PASS">
          <reporter-output>
          </reporter-output>
        </test-method> <!-- verifyLoginByEnteringValidUsernameInvalidPasswordFields -->
        <test-method signature="verifyLoginByEnteringInvalidUsernameInvalidPasswordFields()[pri:8, instance:com.orangehrm.login.test.LoginTest@490caf5f]" started-at="2025-08-05T16:46:09 IST" name="verifyLoginByEnteringInvalidUsernameInvalidPasswordFields" description="Verify Login by Entering Invalid Username and Invalid Password" finished-at="2025-08-05T16:46:12 IST" duration-ms="2597" status="PASS">
          <reporter-output>
          </reporter-output>
        </test-method> <!-- verifyLoginByEnteringInvalidUsernameInvalidPasswordFields -->
        <test-method signature="verifyLoginByValidUsernamePasswordFields()[pri:9, instance:com.orangehrm.login.test.LoginTest@490caf5f]" started-at="2025-08-05T16:46:12 IST" name="verifyLoginByValidUsernamePasswordFields" description="Verify Login by Entering Valid Username and Valid Password" finished-at="2025-08-05T16:48:15 IST" duration-ms="123535" status="FAIL">
          <exception class="org.openqa.selenium.TimeoutException">
            <message>
              <![CDATA[Expected condition failed: waiting for element to be clickable: Proxy element for: DefaultElementLocator 'By.xpath: //div[@class='oxd-brand-banner']' (tried for 120 second(s) with 500 milliseconds interval)]]>
            </message>
            <full-stacktrace>
              <![CDATA[org.openqa.selenium.TimeoutException: Expected condition failed: waiting for element to be clickable: Proxy element for: DefaultElementLocator 'By.xpath: //div[@class='oxd-brand-banner']' (tried for 120 second(s) with 500 milliseconds interval)
at org.openqa.selenium.support.ui.WebDriverWait.timeoutException(WebDriverWait.java:84)
at org.openqa.selenium.support.ui.FluentWait.until(FluentWait.java:230)
at com.orangehrm.base.page.BasePage.explicitWait(BasePage.java:71)
at com.orangehrm.login.page.LoginPage.isDisplayedOrangeHRMLogo(LoginPage.java:103)
at com.orangehrm.login.test.LoginTest.verifyLoginByValidUsernamePasswordFields(LoginTest.java:208)
at java.base/jdk.internal.reflect.DirectMethodHandleAccessor.invoke(DirectMethodHandleAccessor.java:103)
at java.base/java.lang.reflect.Method.invoke(Method.java:580)
at org.testng.internal.invokers.MethodInvocationHelper.invokeMethod(MethodInvocationHelper.java:139)
at org.testng.internal.invokers.TestInvoker.invokeMethod(TestInvoker.java:677)
at org.testng.internal.invokers.TestInvoker.invokeTestMethod(TestInvoker.java:221)
at org.testng.internal.invokers.MethodRunner.runInSequence(MethodRunner.java:50)
at org.testng.internal.invokers.TestInvoker$MethodInvocationAgent.invoke(TestInvoker.java:969)
at org.testng.internal.invokers.TestInvoker.invokeTestMethods(TestInvoker.java:194)
at org.testng.internal.invokers.TestMethodWorker.invokeTestMethods(TestMethodWorker.java:148)
at org.testng.internal.invokers.TestMethodWorker.run(TestMethodWorker.java:128)
at java.base/java.util.ArrayList.forEach(ArrayList.java:1596)
at org.testng.TestRunner.privateRun(TestRunner.java:829)
at org.testng.TestRunner.run(TestRunner.java:602)
at org.testng.SuiteRunner.runTest(SuiteRunner.java:437)
at org.testng.SuiteRunner.runSequentially(SuiteRunner.java:431)
at org.testng.SuiteRunner.privateRun(SuiteRunner.java:391)
at org.testng.SuiteRunner.run(SuiteRunner.java:330)
at org.testng.SuiteRunnerWorker.runSuite(SuiteRunnerWorker.java:52)
at org.testng.SuiteRunnerWorker.run(SuiteRunnerWorker.java:95)
at org.testng.TestNG.runSuitesSequentially(TestNG.java:1256)
at org.testng.TestNG.runSuitesLocally(TestNG.java:1176)
at org.testng.TestNG.runSuites(TestNG.java:1099)
at org.testng.TestNG.run(TestNG.java:1067)
at org.testng.remote.AbstractRemoteTestNG.run(AbstractRemoteTestNG.java:115)
at org.testng.remote.RemoteTestNG.initAndRun(RemoteTestNG.java:293)
at org.testng.remote.RemoteTestNG.main(RemoteTestNG.java:91)
Caused by: org.openqa.selenium.NoSuchElementException: no such element: Unable to locate element: {"method":"xpath","selector":"//div[@class='oxd-brand-banner']"}
  (Session info: chrome=138.0.7204.184)
For documentation on this error, please visit: https://www.selenium.dev/documentation/webdriver/troubleshooting/errors#no-such-element-exception
Build info: version: '4.11.0', revision: '040bc5406b'
System info: os.name: 'Windows 11', os.arch: 'amd64', os.version: '10.0', java.version: '21'
Driver info: org.openqa.selenium.chrome.ChromeDriver
Command: [16fa27daf594a73fe19a6ccec5cd1bfd, findElement {using=xpath, value=//div[@class='oxd-brand-banner']}]
Capabilities {acceptInsecureCerts: false, browserName: chrome, browserVersion: 138.0.7204.184, chrome: {chromedriverVersion: 138.0.7204.183 (e90faf484dd..., userDataDir: C:\Users\DELL\AppData\Local...}, fedcm:accounts: true, goog:chromeOptions: {debuggerAddress: localhost:61888}, networkConnectionEnabled: false, pageLoadStrategy: normal, platformName: windows, proxy: Proxy(), se:cdp: ws://localhost:61888/devtoo..., se:cdpVersion: 138.0.7204.184, setWindowRect: true, strictFileInteractability: false, timeouts: {implicit: 0, pageLoad: 300000, script: 30000}, unhandledPromptBehavior: dismiss and notify, webauthn:extension:credBlob: true, webauthn:extension:largeBlob: true, webauthn:extension:minPinLength: true, webauthn:extension:prf: true, webauthn:virtualAuthenticators: true}
Session ID: 16fa27daf594a73fe19a6ccec5cd1bfd
at java.base/jdk.internal.reflect.DirectConstructorHandleAccessor.newInstance(DirectConstructorHandleAccessor.java:62)
at java.base/java.lang.reflect.Constructor.newInstanceWithCaller(Constructor.java:502)
at java.base/java.lang.reflect.Constructor.newInstance(Constructor.java:486)
at org.openqa.selenium.remote.codec.w3c.W3CHttpResponseCodec.createException(W3CHttpResponseCodec.java:200)
at org.openqa.selenium.remote.codec.w3c.W3CHttpResponseCodec.decode(W3CHttpResponseCodec.java:133)
at org.openqa.selenium.remote.codec.w3c.W3CHttpResponseCodec.decode(W3CHttpResponseCodec.java:52)
at org.openqa.selenium.remote.HttpCommandExecutor.execute(HttpCommandExecutor.java:191)
at org.openqa.selenium.remote.service.DriverCommandExecutor.invokeExecute(DriverCommandExecutor.java:196)
at org.openqa.selenium.remote.service.DriverCommandExecutor.execute(DriverCommandExecutor.java:171)
at org.openqa.selenium.remote.RemoteWebDriver.execute(RemoteWebDriver.java:518)
at org.openqa.selenium.remote.ElementLocation$ElementFinder$2.findElement(ElementLocation.java:165)
at org.openqa.selenium.remote.ElementLocation.findElement(ElementLocation.java:59)
at org.openqa.selenium.remote.RemoteWebDriver.findElement(RemoteWebDriver.java:355)
at org.openqa.selenium.remote.RemoteWebDriver.findElement(RemoteWebDriver.java:349)
at org.openqa.selenium.support.pagefactory.DefaultElementLocator.findElement(DefaultElementLocator.java:68)
at org.openqa.selenium.support.pagefactory.internal.LocatingElementHandler.invoke(LocatingElementHandler.java:38)
at jdk.proxy2/jdk.proxy2.$Proxy32.isDisplayed(Unknown Source)
at org.openqa.selenium.support.ui.ExpectedConditions.elementIfVisible(ExpectedConditions.java:304)
at org.openqa.selenium.support.ui.ExpectedConditions.access$000(ExpectedConditions.java:37)
at org.openqa.selenium.support.ui.ExpectedConditions$10.apply(ExpectedConditions.java:290)
at org.openqa.selenium.support.ui.ExpectedConditions$10.apply(ExpectedConditions.java:287)
at org.openqa.selenium.support.ui.ExpectedConditions$23.apply(ExpectedConditions.java:656)
at org.openqa.selenium.support.ui.ExpectedConditions$23.apply(ExpectedConditions.java:652)
at org.openqa.selenium.support.ui.FluentWait.until(FluentWait.java:205)
... 29 more
]]>
            </full-stacktrace>
          </exception> <!-- org.openqa.selenium.TimeoutException -->
          <reporter-output>
          </reporter-output>
        </test-method> <!-- verifyLoginByValidUsernamePasswordFields -->
        <test-method is-config="true" signature="verifyAfterClass()[pri:0, instance:com.orangehrm.login.test.LoginTest@490caf5f]" started-at="2025-08-05T16:48:16 IST" name="verifyAfterClass" finished-at="2025-08-05T16:48:16 IST" duration-ms="3" status="PASS">
          <reporter-output>
          </reporter-output>
        </test-method> <!-- verifyAfterClass -->
        <test-method is-config="true" signature="verifyAfterTest()[pri:0, instance:com.orangehrm.login.test.LoginTest@490caf5f]" started-at="2025-08-05T16:48:40 IST" name="verifyAfterTest" finished-at="2025-08-05T16:48:40 IST" duration-ms="1" status="PASS">
          <reporter-output>
          </reporter-output>
        </test-method> <!-- verifyAfterTest -->
        <test-method is-config="true" signature="afterSuite()[pri:0, instance:com.orangehrm.login.test.LoginTest@490caf5f]" started-at="2025-08-05T16:48:41 IST" name="afterSuite" finished-at="2025-08-05T16:48:45 IST" duration-ms="3790" status="PASS">
          <reporter-output>
          </reporter-output>
        </test-method> <!-- afterSuite -->
        <test-method is-config="true" signature="verifyAfterSuite()[pri:0, instance:com.orangehrm.login.test.LoginTest@490caf5f]" started-at="2025-08-05T16:48:45 IST" name="verifyAfterSuite" finished-at="2025-08-05T16:48:45 IST" duration-ms="2" status="PASS">
          <reporter-output>
          </reporter-output>
        </test-method> <!-- verifyAfterSuite -->
      </class> <!-- com.orangehrm.login.test.LoginTest -->
      <class name="com.orangehrm.login.test.ForgotYourPasswordTest">
        <test-method is-config="true" signature="initBrowserAndWebsite(java.lang.String,java.lang.String)[pri:0, instance:com.orangehrm.login.test.ForgotYourPasswordTest@3eb81efb]" started-at="2025-08-05T16:48:16 IST" name="initBrowserAndWebsite" finished-at="2025-08-05T16:48:20 IST" duration-ms="4617" status="PASS">
          <params>
            <param index="0">
              <value>
                <![CDATA[chrome]]>
              </value>
            </param>
            <param index="1">
              <value>
                <![CDATA[https://opensource-demo.orangehrmlive.com/web/index.php/auth/login]]>
              </value>
            </param>
          </params>
          <reporter-output>
          </reporter-output>
        </test-method> <!-- initBrowserAndWebsite -->
        <test-method signature="verifyLoginByEnteringInvalidUsername()[pri:1, instance:com.orangehrm.login.test.ForgotYourPasswordTest@3eb81efb]" started-at="2025-08-05T16:48:20 IST" name="verifyLoginByEnteringInvalidUsername" description="Verify Forgot Your Password by Entering Invalid Username" finished-at="2025-08-05T16:48:24 IST" duration-ms="3334" status="PASS">
          <reporter-output>
          </reporter-output>
        </test-method> <!-- verifyLoginByEnteringInvalidUsername -->
        <test-method signature="verifyLoginByEnteringValidUsername()[pri:2, instance:com.orangehrm.login.test.ForgotYourPasswordTest@3eb81efb]" started-at="2025-08-05T16:48:24 IST" name="verifyLoginByEnteringValidUsername" description="Verify Forgot Your Password by Entering Valid Username" finished-at="2025-08-05T16:48:26 IST" duration-ms="2691" status="PASS">
          <reporter-output>
          </reporter-output>
        </test-method> <!-- verifyLoginByEnteringValidUsername -->
        <test-method signature="verifySwitchingWindows()[pri:3, instance:com.orangehrm.login.test.ForgotYourPasswordTest@3eb81efb]" started-at="2025-08-05T16:48:26 IST" name="verifySwitchingWindows" finished-at="2025-08-05T16:48:28 IST" duration-ms="1656" status="PASS">
          <reporter-output>
          </reporter-output>
        </test-method> <!-- verifySwitchingWindows -->
        <test-method is-config="true" signature="verifyAfterClass()[pri:0, instance:com.orangehrm.login.test.ForgotYourPasswordTest@3eb81efb]" started-at="2025-08-05T16:48:28 IST" name="verifyAfterClass" finished-at="2025-08-05T16:48:28 IST" duration-ms="1" status="PASS">
          <reporter-output>
          </reporter-output>
        </test-method> <!-- verifyAfterClass -->
      </class> <!-- com.orangehrm.login.test.ForgotYourPasswordTest -->
    </test> <!-- All -->
  </suite> <!-- ORANGEHRM -->
</testng-results>
