<?xml version="1.0" encoding="UTF-8"?>
<!-- Generated by org.testng.reporters.JUnitReportReporter -->
<testsuite hostname="-SHIVANIMASADI" failures="0" tests="4" name="com.orangehrm.admin.test.UserManagementTest" time="16.841" errors="0" timestamp="2026-06-01T17:38:59 IST" skipped="0">
  <testcase classname="com.orangehrm.admin.test.UserManagementTest" name="VerifyAdminMenuItem" time="7.231"/>
  <system-out/>
  <testcase classname="com.orangehrm.admin.test.UserManagementTest" name="VerifySearchSystemUsersByAllFieldsBlank" time="0.176"/>
  <system-out/>
  <testcase classname="com.orangehrm.admin.test.UserManagementTest" name="VerifySearchSystemUsersByEnteringInvalidUsernameOnly" time="5.841"/>
  <system-out/>
  <testcase classname="com.orangehrm.admin.test.UserManagementTest" name="VerifySearchSystemUsersByEnteringValidUsernameOnly" time="3.593"/>
  <system-out/>
</testsuite> <!-- com.orangehrm.admin.test.UserManagementTest -->
