<?xml version="1.0" encoding="UTF-8"?>
<!-- Generated by org.testng.reporters.JUnitReportReporter -->
<testsuite hostname="-SHIVANIMASADI" failures="0" tests="9" name="com.orangehrm.login.test.LoginTest" time="22.257" errors="0" timestamp="2026-05-30T15:00:05 IST" skipped="0">
  <testcase classname="com.orangehrm.login.test.LoginTest" name="verifyLoginByLeavingAllFieldsBlank" time="0.955"/>
  <system-out/>
  <testcase classname="com.orangehrm.login.test.LoginTest" name="verifyLoginByEnteringUsernameFieldLeavingPasswordFieldBlank" time="1.368"/>
  <system-out/>
  <testcase classname="com.orangehrm.login.test.LoginTest" name="verifyLoginByEnteringInvalidUsernameFieldLeavingPasswordFieldBlank" time="1.215"/>
  <system-out/>
  <testcase classname="com.orangehrm.login.test.LoginTest" name="verifyLoginByEnteringPasswordFieldLeavingUsernameFieldBlank" time="1.494"/>
  <system-out/>
  <testcase classname="com.orangehrm.login.test.LoginTest" name="verifyLoginByEnteringInvalidPasswordFieldLeavingUsernameFieldBlank" time="1.369"/>
  <system-out/>
  <testcase classname="com.orangehrm.login.test.LoginTest" name="verifyLoginByEnteringInvalidUsernameValidPasswordFields" time="2.781"/>
  <system-out/>
  <testcase classname="com.orangehrm.login.test.LoginTest" name="verifyLoginByEnteringValidUsernameInvalidPasswordFields" time="3.670"/>
  <system-out/>
  <testcase classname="com.orangehrm.login.test.LoginTest" name="verifyLoginByEnteringInvalidUsernameInvalidPasswordFields" time="2.644"/>
  <system-out/>
  <testcase classname="com.orangehrm.login.test.LoginTest" name="verifyLoginByValidUsernamePasswordFields" time="6.761"/>
  <system-out/>
</testsuite> <!-- com.orangehrm.login.test.LoginTest -->
