<?xml version="1.0" encoding="UTF-8"?>
<!-- Generated by org.testng.reporters.JUnitReportReporter -->
<testsuite hostname="-SHIVANIMASADI" failures="0" tests="3" name="com.orangehrm.login.test.ParameterizedTesting" time="22.450" errors="0" timestamp="2025-03-20T14:49:32 IST" skipped="0">
  <testcase classname="com.orangehrm.login.test.ParameterizedTesting" name="DataProviderLogin" time="8.756"/>
  <system-out/>
  <testcase classname="com.orangehrm.login.test.ParameterizedTesting" name="DataProviderLogin" time="3.114"/>
  <system-out/>
  <testcase classname="com.orangehrm.login.test.ParameterizedTesting" name="DataProviderLogin" time="10.580"/>
  <system-out/>
</testsuite> <!-- com.orangehrm.login.test.ParameterizedTesting -->
