<?xml version="1.0" encoding="UTF-8"?>
<!-- Generated by org.testng.reporters.JUnitReportReporter -->
<testsuite hostname="-SHIVANIMASADI" failures="0" tests="4" name="com.orangehrm.admin.test.UserManagementTest" time="4.139" errors="0" timestamp="2026-05-30T15:03:17 IST" skipped="0">
  <testcase classname="com.orangehrm.admin.test.UserManagementTest" name="VerifyAdminMenuItem" time="1.731"/>
  <system-out/>
  <testcase classname="com.orangehrm.admin.test.UserManagementTest" name="VerifySearchSystemUsersByAllFieldsBlank" time="0.083"/>
  <system-out/>
  <testcase classname="com.orangehrm.admin.test.UserManagementTest" name="VerifySearchSystemUsersByEnteringInvalidUsernameOnly" time="1.136"/>
  <system-out/>
  <testcase classname="com.orangehrm.admin.test.UserManagementTest" name="VerifySearchSystemUsersByEnteringValidUsernameOnly" time="1.189"/>
  <system-out/>
</testsuite> <!-- com.orangehrm.admin.test.UserManagementTest -->
