<?xml version="1.0" encoding="UTF-8"?>
<!-- Generated by org.testng.reporters.JUnitReportReporter -->
<testsuite hostname="-SHIVANIMASADI" failures="0" tests="3" name="com.orangehrm.login.test.ForgotYourPasswordTest" time="8.597" errors="0" timestamp="2026-06-01T18:16:27 IST" skipped="1">
  <testcase classname="com.orangehrm.login.test.ForgotYourPasswordTest" name="verifyLoginByEnteringInvalidUsername" time="5.771"/>
  <system-out/>
  <testcase classname="com.orangehrm.login.test.ForgotYourPasswordTest" name="verifySwitchingWindows" time="2.826"/>
  <system-out/>
  <testcase classname="com.orangehrm.login.test.ForgotYourPasswordTest" name="verifyLoginByEnteringValidUsername">
    <skipped/>
  </testcase> <!-- verifyLoginByEnteringValidUsername -->
  <system-out/>
</testsuite> <!-- com.orangehrm.login.test.ForgotYourPasswordTest -->
