<?xml version="1.0" encoding="UTF-8"?>
<!-- Generated by org.testng.reporters.JUnitReportReporter -->
<testsuite hostname="-SHIVANIMASADI" failures="0" tests="3" name="com.orangehrm.login.test.ForgotYourPasswordTest" time="7.681" errors="0" timestamp="2025-08-05T16:48:45 IST" skipped="0">
  <testcase classname="com.orangehrm.login.test.ForgotYourPasswordTest" name="verifyLoginByEnteringInvalidUsername" time="3.334"/>
  <system-out/>
  <testcase classname="com.orangehrm.login.test.ForgotYourPasswordTest" name="verifyLoginByEnteringValidUsername" time="2.691"/>
  <system-out/>
  <testcase classname="com.orangehrm.login.test.ForgotYourPasswordTest" name="verifySwitchingWindows" time="1.656"/>
  <system-out/>
</testsuite> <!-- com.orangehrm.login.test.ForgotYourPasswordTest -->
