<?xml version="1.0" encoding="UTF-8"?>
<!-- Generated by org.testng.reporters.JUnitReportReporter -->
<testsuite hostname="-SHIVANIMASADI" failures="0" tests="4" name="com.orangehrm.admin.test.UserManagementTest" time="5.010" errors="0" timestamp="2025-08-05T16:48:45 IST" skipped="0">
  <testcase classname="com.orangehrm.admin.test.UserManagementTest" name="VerifyAdminMenuItem" time="2.034"/>
  <system-out/>
  <testcase classname="com.orangehrm.admin.test.UserManagementTest" name="VerifySearchSystemUsersByAllFieldsBlank" time="0.111"/>
  <system-out/>
  <testcase classname="com.orangehrm.admin.test.UserManagementTest" name="VerifySearchSystemUsersByEnteringInvalidUsernameOnly" time="1.330"/>
  <system-out/>
  <testcase classname="com.orangehrm.admin.test.UserManagementTest" name="VerifySearchSystemUsersByEnteringValidUsernameOnly" time="1.535"/>
  <system-out/>
</testsuite> <!-- com.orangehrm.admin.test.UserManagementTest -->
